My SLURM_ARRAY_TASK_ID:  6
My SLURM_ARRAY_JOB_ID:  23316935
name experiment is exp_K_10-5000-FALSE-23316935_6
[1] " result file; "
[1] "exp_K_10-5000-FALSE-23316935_6"
[1] 6
[1] "R = 5000 Q1 = 10 Q2=10 K1 = 2 K2 = 2 K3= 2 M= 500 seed = 6"
Chain 1: ------------------------------------------------------------
Chain 1: EXPERIMENTAL ALGORITHM:
Chain 1:   This procedure has not been thoroughly tested and may be unstable
Chain 1:   or buggy. The interface is subject to change.
Chain 1: ------------------------------------------------------------
Chain 1: 
Chain 1: 
Chain 1: 
Chain 1: Gradient evaluation took 0.121108 seconds
Chain 1: 1000 transitions using 10 leapfrog steps per transition would take 1211.08 seconds.
Chain 1: Adjust your expectations accordingly!
Chain 1: 
Chain 1: 
Chain 1: Begin eta adaptation.
Chain 1: Iteration:   1 / 250 [  0%]  (Adaptation)
Chain 1: Iteration:  50 / 250 [ 20%]  (Adaptation)
Chain 1: Iteration: 100 / 250 [ 40%]  (Adaptation)
Chain 1: Iteration: 150 / 250 [ 60%]  (Adaptation)
Chain 1: Iteration: 200 / 250 [ 80%]  (Adaptation)
Chain 1: Success! Found best value [eta = 1] earlier than expected.
Chain 1: 
Chain 1: Begin stochastic gradient ascent.
Chain 1:   iter             ELBO   delta_ELBO_mean   delta_ELBO_med   notes 
Chain 1:    100      -148321.158             1.000            1.000
Chain 1:    200      -147485.367             0.503            1.000
Chain 1:    300      -147083.236             0.336            0.006   MEDIAN ELBO CONVERGED
Chain 1: 
Chain 1: Drawing a sample of size 1000 from the approximate posterior... 
Chain 1: COMPLETED.
[1] "here"
[1] "here"
[1] "here"
[1] "Done with method bayesian"
            error K Q1    R Q2   M mode   method   time
elapsed  1.182159 2 10 5000 10 500   A1 bayesian 339.43
elapsed1 1.793463 2 10 5000 10 500   A2 bayesian 339.43
elapsed2 1.280848 2 10 5000 10 500   A3 bayesian 339.43
elapsed3 2.296567 2 10 5000 10 500 core bayesian 339.43
[1] "Done with method LDA"
            error K Q1    R Q2   M mode   method   time
elapsed  1.182159 2 10 5000 10 500   A1 bayesian 339.43
elapsed1 1.793463 2 10 5000 10 500   A2 bayesian 339.43
elapsed2 1.280848 2 10 5000 10 500   A3 bayesian 339.43
elapsed3 2.296567 2 10 5000 10 500 core bayesian 339.43
[1] "finish NTD"
[1] "here"
[1] "here"
[1] "Done with method NTD"
            error K Q1    R Q2   M mode   method    time
elapsed  1.182159 2 10 5000 10 500   A1 bayesian 339.430
elapsed1 1.793463 2 10 5000 10 500   A2 bayesian 339.430
elapsed2 1.280848 2 10 5000 10 500   A3 bayesian 339.430
elapsed3 2.296567 2 10 5000 10 500 core bayesian 339.430
elapsed4 9.202388 2 10 5000 10 500   A1      NTD  22.314
elapsed5 9.402355 2 10 5000 10 500   A2      NTD  22.314
elapsed6 1.454305 2 10 5000 10 500   A3      NTD  22.314
elapsed7 1.868574 2 10 5000 10 500 core      NTD  22.314
[1] 4935  100   10   10 4935
[1] "Dim voc init: 4935"
  |                                                                              |                                                                      |   0%  |                                                                              |=======================                                               |  33%  |                                                                              |===============================================                       |  67%  |                                                                              |======================================================================| 100%
[1] "Start VH"
[1] "Start Step 4"
[1] "Start VH"
[1] "Start Step 4"
[1] "Start VH"
[1] "Start Step 4"
[1] "here"
[1] "here"
[1] "Done with method TopicScore-HOSVD"
             error K Q1    R Q2   M mode           method    time
elapsed   1.182159 2 10 5000 10 500   A1         bayesian 339.430
elapsed1  1.793463 2 10 5000 10 500   A2         bayesian 339.430
elapsed2  1.280848 2 10 5000 10 500   A3         bayesian 339.430
elapsed3  2.296567 2 10 5000 10 500 core         bayesian 339.430
elapsed4  9.202388 2 10 5000 10 500   A1              NTD  22.314
elapsed5  9.402355 2 10 5000 10 500   A2              NTD  22.314
elapsed6  1.454305 2 10 5000 10 500   A3              NTD  22.314
elapsed7  1.868574 2 10 5000 10 500 core              NTD  22.314
elapsed8  4.688931 2 10 5000 10 500   A1 TopicScore-HOSVD   0.552
elapsed9  5.177679 2 10 5000 10 500   A2 TopicScore-HOSVD   0.552
elapsed10 1.369970 2 10 5000 10 500   A3 TopicScore-HOSVD   0.552
elapsed11 2.682453 2 10 5000 10 500 core TopicScore-HOSVD   0.552
[1] 4935  100   10   10 4935
[1] "Dim voc init: 4935"
[1]   10   10 4935
[1] "Start VH"
[1] "Start Step 4"
[1] "Start VH"
[1] "Start Step 4"
[1] "Start VH"
[1] "Start Step 4"
[1] "here"
[1] "here"
[1] "Done with method TTM-HOOI"
             error K Q1    R Q2   M mode           method    time
elapsed   1.182159 2 10 5000 10 500   A1         bayesian 339.430
elapsed1  1.793463 2 10 5000 10 500   A2         bayesian 339.430
elapsed2  1.280848 2 10 5000 10 500   A3         bayesian 339.430
elapsed3  2.296567 2 10 5000 10 500 core         bayesian 339.430
elapsed4  9.202388 2 10 5000 10 500   A1              NTD  22.314
elapsed5  9.402355 2 10 5000 10 500   A2              NTD  22.314
elapsed6  1.454305 2 10 5000 10 500   A3              NTD  22.314
elapsed7  1.868574 2 10 5000 10 500 core              NTD  22.314
elapsed8  4.688931 2 10 5000 10 500   A1 TopicScore-HOSVD   0.552
elapsed9  5.177679 2 10 5000 10 500   A2 TopicScore-HOSVD   0.552
elapsed10 1.369970 2 10 5000 10 500   A3 TopicScore-HOSVD   0.552
elapsed11 2.682453 2 10 5000 10 500 core TopicScore-HOSVD   0.552
elapsed12 4.704125 2 10 5000 10 500   A1         TTM-HOOI   3.606
elapsed13 1.118691 2 10 5000 10 500   A2         TTM-HOOI   3.606
elapsed14 1.356884 2 10 5000 10 500   A3         TTM-HOOI   3.606
elapsed15 2.275634 2 10 5000 10 500 core         TTM-HOOI   3.606
[1] 4935  100   10   10 4935
[1] "Dim voc init: 4935"
[1]   10   10 4935
  |                                                                              |                                                                      |   0%  |                                                                              |=======================                                               |  33%  |                                                                              |===============================================                       |  67%  |                                                                              |======================================================================| 100%
[1] "Start VH"
[1] "Start Step 4"
[1] "Start VH"
[1] "Start Step 4"
[1] "Start VH"
[1] "Start Step 4"
[1] "here"
[1] "here"
[1] "Done with method TTM-HOSVD"
             error K Q1    R Q2   M mode           method    time
elapsed   1.182159 2 10 5000 10 500   A1         bayesian 339.430
elapsed1  1.793463 2 10 5000 10 500   A2         bayesian 339.430
elapsed2  1.280848 2 10 5000 10 500   A3         bayesian 339.430
elapsed3  2.296567 2 10 5000 10 500 core         bayesian 339.430
elapsed4  9.202388 2 10 5000 10 500   A1              NTD  22.314
elapsed5  9.402355 2 10 5000 10 500   A2              NTD  22.314
elapsed6  1.454305 2 10 5000 10 500   A3              NTD  22.314
elapsed7  1.868574 2 10 5000 10 500 core              NTD  22.314
elapsed8  4.688931 2 10 5000 10 500   A1 TopicScore-HOSVD   0.552
elapsed9  5.177679 2 10 5000 10 500   A2 TopicScore-HOSVD   0.552
elapsed10 1.369970 2 10 5000 10 500   A3 TopicScore-HOSVD   0.552
elapsed11 2.682453 2 10 5000 10 500 core TopicScore-HOSVD   0.552
elapsed12 4.704125 2 10 5000 10 500   A1         TTM-HOOI   3.606
elapsed13 1.118691 2 10 5000 10 500   A2         TTM-HOOI   3.606
elapsed14 1.356884 2 10 5000 10 500   A3         TTM-HOOI   3.606
elapsed15 2.275634 2 10 5000 10 500 core         TTM-HOOI   3.606
elapsed16 4.730650 2 10 5000 10 500   A1        TTM-HOSVD   0.460
elapsed17 1.543290 2 10 5000 10 500   A2        TTM-HOSVD   0.460
elapsed18 1.356884 2 10 5000 10 500   A3        TTM-HOSVD   0.460
elapsed19 2.405945 2 10 5000 10 500 core        TTM-HOSVD   0.460
[1] "R = 5000 Q1 = 10 Q2=10 K1 = 2 K2 = 2 K3= 2 M= 1000 seed = 6"
