My SLURM_ARRAY_TASK_ID:  9
My SLURM_ARRAY_JOB_ID:  23316935
name experiment is exp_K_10-5000-FALSE-23316935_9
[1] " result file; "
[1] "exp_K_10-5000-FALSE-23316935_9"
[1] 9
[1] "R = 5000 Q1 = 10 Q2=10 K1 = 2 K2 = 2 K3= 2 M= 500 seed = 9"
Chain 1: ------------------------------------------------------------
Chain 1: EXPERIMENTAL ALGORITHM:
Chain 1:   This procedure has not been thoroughly tested and may be unstable
Chain 1:   or buggy. The interface is subject to change.
Chain 1: ------------------------------------------------------------
Chain 1: 
Chain 1: 
Chain 1: 
Chain 1: Gradient evaluation took 0.117236 seconds
Chain 1: 1000 transitions using 10 leapfrog steps per transition would take 1172.36 seconds.
Chain 1: Adjust your expectations accordingly!
Chain 1: 
Chain 1: 
Chain 1: Begin eta adaptation.
Chain 1: Iteration:   1 / 250 [  0%]  (Adaptation)
Chain 1: Iteration:  50 / 250 [ 20%]  (Adaptation)
Chain 1: Iteration: 100 / 250 [ 40%]  (Adaptation)
Chain 1: Iteration: 150 / 250 [ 60%]  (Adaptation)
Chain 1: Iteration: 200 / 250 [ 80%]  (Adaptation)
Chain 1: Success! Found best value [eta = 1] earlier than expected.
Chain 1: 
Chain 1: Begin stochastic gradient ascent.
Chain 1:   iter             ELBO   delta_ELBO_mean   delta_ELBO_med   notes 
Chain 1:    100      -148563.012             1.000            1.000
Chain 1:    200      -148035.193             0.502            1.000
Chain 1:    300      -147059.017             0.337            0.007   MEDIAN ELBO CONVERGED
Chain 1: 
Chain 1: Drawing a sample of size 1000 from the approximate posterior... 
Chain 1: COMPLETED.
[1] "here"
[1] "here"
[1] "here"
[1] "Done with method bayesian"
            error K Q1    R Q2   M mode   method    time
elapsed  2.418358 2 10 5000 10 500   A1 bayesian 339.433
elapsed1 1.543870 2 10 5000 10 500   A2 bayesian 339.433
elapsed2 1.225588 2 10 5000 10 500   A3 bayesian 339.433
elapsed3 2.036023 2 10 5000 10 500 core bayesian 339.433
[1] "Done with method LDA"
            error K Q1    R Q2   M mode   method    time
elapsed  2.418358 2 10 5000 10 500   A1 bayesian 339.433
elapsed1 1.543870 2 10 5000 10 500   A2 bayesian 339.433
elapsed2 1.225588 2 10 5000 10 500   A3 bayesian 339.433
elapsed3 2.036023 2 10 5000 10 500 core bayesian 339.433
[1] "finish NTD"
[1] "here"
[1] "here"
[1] "Done with method NTD"
            error K Q1    R Q2   M mode   method    time
elapsed  2.418358 2 10 5000 10 500   A1 bayesian 339.433
elapsed1 1.543870 2 10 5000 10 500   A2 bayesian 339.433
elapsed2 1.225588 2 10 5000 10 500   A3 bayesian 339.433
elapsed3 2.036023 2 10 5000 10 500 core bayesian 339.433
elapsed4 6.667959 2 10 5000 10 500   A1      NTD  22.051
elapsed5 8.893232 2 10 5000 10 500   A2      NTD  22.051
elapsed6 1.516043 2 10 5000 10 500   A3      NTD  22.051
elapsed7 2.240763 2 10 5000 10 500 core      NTD  22.051
[1] 4905  100   10   10 4905
[1] "Dim voc init: 4905"
  |                                                                              |                                                                      |   0%  |                                                                              |=======================                                               |  33%  |                                                                              |===============================================                       |  67%  |                                                                              |======================================================================| 100%
[1] "Start VH"
[1] "Start Step 4"
[1] "Start VH"
[1] "Start Step 4"
[1] "Start VH"
[1] "Start Step 4"
[1] "here"
[1] "here"
[1] "Done with method TopicScore-HOSVD"
             error K Q1    R Q2   M mode           method    time
elapsed   2.418358 2 10 5000 10 500   A1         bayesian 339.433
elapsed1  1.543870 2 10 5000 10 500   A2         bayesian 339.433
elapsed2  1.225588 2 10 5000 10 500   A3         bayesian 339.433
elapsed3  2.036023 2 10 5000 10 500 core         bayesian 339.433
elapsed4  6.667959 2 10 5000 10 500   A1              NTD  22.051
elapsed5  8.893232 2 10 5000 10 500   A2              NTD  22.051
elapsed6  1.516043 2 10 5000 10 500   A3              NTD  22.051
elapsed7  2.240763 2 10 5000 10 500 core              NTD  22.051
elapsed8  8.179221 2 10 5000 10 500   A1 TopicScore-HOSVD   0.557
elapsed9  2.812270 2 10 5000 10 500   A2 TopicScore-HOSVD   0.557
elapsed10 1.368254 2 10 5000 10 500   A3 TopicScore-HOSVD   0.557
elapsed11 2.483047 2 10 5000 10 500 core TopicScore-HOSVD   0.557
[1] 4905  100   10   10 4905
[1] "Dim voc init: 4905"
[1]   10   10 4905
[1] "Start VH"
[1] "Start Step 4"
[1] "Start VH"
[1] "Start Step 4"
[1] "Start VH"
[1] "Start Step 4"
[1] "here"
[1] "here"
[1] "Done with method TTM-HOOI"
              error K Q1    R Q2   M mode           method    time
elapsed   2.4183580 2 10 5000 10 500   A1         bayesian 339.433
elapsed1  1.5438703 2 10 5000 10 500   A2         bayesian 339.433
elapsed2  1.2255877 2 10 5000 10 500   A3         bayesian 339.433
elapsed3  2.0360235 2 10 5000 10 500 core         bayesian 339.433
elapsed4  6.6679585 2 10 5000 10 500   A1              NTD  22.051
elapsed5  8.8932323 2 10 5000 10 500   A2              NTD  22.051
elapsed6  1.5160426 2 10 5000 10 500   A3              NTD  22.051
elapsed7  2.2407627 2 10 5000 10 500 core              NTD  22.051
elapsed8  8.1792206 2 10 5000 10 500   A1 TopicScore-HOSVD   0.557
elapsed9  2.8122700 2 10 5000 10 500   A2 TopicScore-HOSVD   0.557
elapsed10 1.3682544 2 10 5000 10 500   A3 TopicScore-HOSVD   0.557
elapsed11 2.4830469 2 10 5000 10 500 core TopicScore-HOSVD   0.557
elapsed12 0.9159021 2 10 5000 10 500   A1         TTM-HOOI   5.189
elapsed13 4.9756246 2 10 5000 10 500   A2         TTM-HOOI   5.189
elapsed14 1.3361432 2 10 5000 10 500   A3         TTM-HOOI   5.189
elapsed15 2.8044334 2 10 5000 10 500 core         TTM-HOOI   5.189
[1] 4905  100   10   10 4905
[1] "Dim voc init: 4905"
[1]   10   10 4905
  |                                                                              |                                                                      |   0%  |                                                                              |=======================                                               |  33%  |                                                                              |===============================================                       |  67%  |                                                                              |======================================================================| 100%
[1] "Start VH"
[1] "Start Step 4"
[1] "Start VH"
[1] "Start Step 4"
[1] "Start VH"
[1] "Start Step 4"
[1] "here"
[1] "here"
[1] "Done with method TTM-HOSVD"
              error K Q1    R Q2   M mode           method    time
elapsed   2.4183580 2 10 5000 10 500   A1         bayesian 339.433
elapsed1  1.5438703 2 10 5000 10 500   A2         bayesian 339.433
elapsed2  1.2255877 2 10 5000 10 500   A3         bayesian 339.433
elapsed3  2.0360235 2 10 5000 10 500 core         bayesian 339.433
elapsed4  6.6679585 2 10 5000 10 500   A1              NTD  22.051
elapsed5  8.8932323 2 10 5000 10 500   A2              NTD  22.051
elapsed6  1.5160426 2 10 5000 10 500   A3              NTD  22.051
elapsed7  2.2407627 2 10 5000 10 500 core              NTD  22.051
elapsed8  8.1792206 2 10 5000 10 500   A1 TopicScore-HOSVD   0.557
elapsed9  2.8122700 2 10 5000 10 500   A2 TopicScore-HOSVD   0.557
elapsed10 1.3682544 2 10 5000 10 500   A3 TopicScore-HOSVD   0.557
elapsed11 2.4830469 2 10 5000 10 500 core TopicScore-HOSVD   0.557
elapsed12 0.9159021 2 10 5000 10 500   A1         TTM-HOOI   5.189
elapsed13 4.9756246 2 10 5000 10 500   A2         TTM-HOOI   5.189
elapsed14 1.3361432 2 10 5000 10 500   A3         TTM-HOOI   5.189
elapsed15 2.8044334 2 10 5000 10 500 core         TTM-HOOI   5.189
elapsed16 0.8649932 2 10 5000 10 500   A1        TTM-HOSVD   0.441
elapsed17 4.9756246 2 10 5000 10 500   A2        TTM-HOSVD   0.441
elapsed18 1.3361432 2 10 5000 10 500   A3        TTM-HOSVD   0.441
elapsed19 2.8388346 2 10 5000 10 500 core        TTM-HOSVD   0.441
[1] "R = 5000 Q1 = 10 Q2=10 K1 = 2 K2 = 2 K3= 2 M= 1000 seed = 9"
