My SLURM_ARRAY_TASK_ID:  13
My SLURM_ARRAY_JOB_ID:  23316935
name experiment is exp_K_10-5000-FALSE-23316935_13
[1] " result file; "
[1] "exp_K_10-5000-FALSE-23316935_13"
[1] 13
[1] "R = 5000 Q1 = 10 Q2=10 K1 = 2 K2 = 2 K3= 2 M= 500 seed = 13"
Chain 1: ------------------------------------------------------------
Chain 1: EXPERIMENTAL ALGORITHM:
Chain 1:   This procedure has not been thoroughly tested and may be unstable
Chain 1:   or buggy. The interface is subject to change.
Chain 1: ------------------------------------------------------------
Chain 1: 
Chain 1: 
Chain 1: 
Chain 1: Gradient evaluation took 0.115708 seconds
Chain 1: 1000 transitions using 10 leapfrog steps per transition would take 1157.08 seconds.
Chain 1: Adjust your expectations accordingly!
Chain 1: 
Chain 1: 
Chain 1: Begin eta adaptation.
Chain 1: Iteration:   1 / 250 [  0%]  (Adaptation)
Chain 1: Iteration:  50 / 250 [ 20%]  (Adaptation)
Chain 1: Iteration: 100 / 250 [ 40%]  (Adaptation)
Chain 1: Iteration: 150 / 250 [ 60%]  (Adaptation)
Chain 1: Iteration: 200 / 250 [ 80%]  (Adaptation)
Chain 1: Success! Found best value [eta = 1] earlier than expected.
Chain 1: 
Chain 1: Begin stochastic gradient ascent.
Chain 1:   iter             ELBO   delta_ELBO_mean   delta_ELBO_med   notes 
Chain 1:    100      -145867.713             1.000            1.000
Chain 1:    200      -145436.952             0.501            1.000
Chain 1:    300      -145304.177             0.335            0.003   MEDIAN ELBO CONVERGED
Chain 1: 
Chain 1: Drawing a sample of size 1000 from the approximate posterior... 
Chain 1: COMPLETED.
[1] "here"
[1] "here"
[1] "here"
[1] "Done with method bayesian"
            error K Q1    R Q2   M mode   method    time
elapsed  4.188512 2 10 5000 10 500   A1 bayesian 331.659
elapsed1 5.897008 2 10 5000 10 500   A2 bayesian 331.659
elapsed2 1.329892 2 10 5000 10 500   A3 bayesian 331.659
elapsed3 2.913754 2 10 5000 10 500 core bayesian 331.659
[1] "Done with method LDA"
            error K Q1    R Q2   M mode   method    time
elapsed  4.188512 2 10 5000 10 500   A1 bayesian 331.659
elapsed1 5.897008 2 10 5000 10 500   A2 bayesian 331.659
elapsed2 1.329892 2 10 5000 10 500   A3 bayesian 331.659
elapsed3 2.913754 2 10 5000 10 500 core bayesian 331.659
[1] "finish NTD"
[1] "here"
[1] "here"
[1] "Done with method NTD"
            error K Q1    R Q2   M mode   method    time
elapsed  4.188512 2 10 5000 10 500   A1 bayesian 331.659
elapsed1 5.897008 2 10 5000 10 500   A2 bayesian 331.659
elapsed2 1.329892 2 10 5000 10 500   A3 bayesian 331.659
elapsed3 2.913754 2 10 5000 10 500 core bayesian 331.659
elapsed4 9.871613 2 10 5000 10 500   A1      NTD  21.494
elapsed5 7.286474 2 10 5000 10 500   A2      NTD  21.494
elapsed6 1.658462 2 10 5000 10 500   A3      NTD  21.494
elapsed7 2.059914 2 10 5000 10 500 core      NTD  21.494
[1] 4914  100   10   10 4914
[1] "Dim voc init: 4914"
  |                                                                              |                                                                      |   0%  |                                                                              |=======================                                               |  33%  |                                                                              |===============================================                       |  67%  |                                                                              |======================================================================| 100%
[1] "Start VH"
[1] "Start Step 4"
[1] "Start VH"
[1] "Start Step 4"
[1] "Start VH"
[1] "Start Step 4"
[1] "here"
[1] "here"
[1] "Done with method TopicScore-HOSVD"
             error K Q1    R Q2   M mode           method    time
elapsed   4.188512 2 10 5000 10 500   A1         bayesian 331.659
elapsed1  5.897008 2 10 5000 10 500   A2         bayesian 331.659
elapsed2  1.329892 2 10 5000 10 500   A3         bayesian 331.659
elapsed3  2.913754 2 10 5000 10 500 core         bayesian 331.659
elapsed4  9.871613 2 10 5000 10 500   A1              NTD  21.494
elapsed5  7.286474 2 10 5000 10 500   A2              NTD  21.494
elapsed6  1.658462 2 10 5000 10 500   A3              NTD  21.494
elapsed7  2.059914 2 10 5000 10 500 core              NTD  21.494
elapsed8  8.962409 2 10 5000 10 500   A1 TopicScore-HOSVD   0.575
elapsed9  6.897576 2 10 5000 10 500   A2 TopicScore-HOSVD   0.575
elapsed10 1.359484 2 10 5000 10 500   A3 TopicScore-HOSVD   0.575
elapsed11 1.828158 2 10 5000 10 500 core TopicScore-HOSVD   0.575
[1] 4914  100   10   10 4914
[1] "Dim voc init: 4914"
[1]   10   10 4914
[1] "Start VH"
[1] "Start Step 4"
[1] "Start VH"
[1] "Start Step 4"
[1] "Start VH"
[1] "Start Step 4"
[1] "here"
[1] "here"
[1] "Done with method TTM-HOOI"
             error K Q1    R Q2   M mode           method    time
elapsed   4.188512 2 10 5000 10 500   A1         bayesian 331.659
elapsed1  5.897008 2 10 5000 10 500   A2         bayesian 331.659
elapsed2  1.329892 2 10 5000 10 500   A3         bayesian 331.659
elapsed3  2.913754 2 10 5000 10 500 core         bayesian 331.659
elapsed4  9.871613 2 10 5000 10 500   A1              NTD  21.494
elapsed5  7.286474 2 10 5000 10 500   A2              NTD  21.494
elapsed6  1.658462 2 10 5000 10 500   A3              NTD  21.494
elapsed7  2.059914 2 10 5000 10 500 core              NTD  21.494
elapsed8  8.962409 2 10 5000 10 500   A1 TopicScore-HOSVD   0.575
elapsed9  6.897576 2 10 5000 10 500   A2 TopicScore-HOSVD   0.575
elapsed10 1.359484 2 10 5000 10 500   A3 TopicScore-HOSVD   0.575
elapsed11 1.828158 2 10 5000 10 500 core TopicScore-HOSVD   0.575
elapsed12 8.954931 2 10 5000 10 500   A1         TTM-HOOI   6.348
elapsed13 4.297791 2 10 5000 10 500   A2         TTM-HOOI   6.348
elapsed14 1.391717 2 10 5000 10 500   A3         TTM-HOOI   6.348
elapsed15 3.097991 2 10 5000 10 500 core         TTM-HOOI   6.348
[1] 4914  100   10   10 4914
[1] "Dim voc init: 4914"
[1]   10   10 4914
  |                                                                              |                                                                      |   0%  |                                                                              |=======================                                               |  33%  |                                                                              |===============================================                       |  67%  |                                                                              |======================================================================| 100%
[1] "Start VH"
[1] "Start Step 4"
[1] "Start VH"
[1] "Start Step 4"
[1] "Start VH"
[1] "Start Step 4"
[1] "here"
[1] "here"
[1] "Done with method TTM-HOSVD"
             error K Q1    R Q2   M mode           method    time
elapsed   4.188512 2 10 5000 10 500   A1         bayesian 331.659
elapsed1  5.897008 2 10 5000 10 500   A2         bayesian 331.659
elapsed2  1.329892 2 10 5000 10 500   A3         bayesian 331.659
elapsed3  2.913754 2 10 5000 10 500 core         bayesian 331.659
elapsed4  9.871613 2 10 5000 10 500   A1              NTD  21.494
elapsed5  7.286474 2 10 5000 10 500   A2              NTD  21.494
elapsed6  1.658462 2 10 5000 10 500   A3              NTD  21.494
elapsed7  2.059914 2 10 5000 10 500 core              NTD  21.494
elapsed8  8.962409 2 10 5000 10 500   A1 TopicScore-HOSVD   0.575
elapsed9  6.897576 2 10 5000 10 500   A2 TopicScore-HOSVD   0.575
elapsed10 1.359484 2 10 5000 10 500   A3 TopicScore-HOSVD   0.575
elapsed11 1.828158 2 10 5000 10 500 core TopicScore-HOSVD   0.575
elapsed12 8.954931 2 10 5000 10 500   A1         TTM-HOOI   6.348
elapsed13 4.297791 2 10 5000 10 500   A2         TTM-HOOI   6.348
elapsed14 1.391717 2 10 5000 10 500   A3         TTM-HOOI   6.348
elapsed15 3.097991 2 10 5000 10 500 core         TTM-HOOI   6.348
elapsed16 8.954931 2 10 5000 10 500   A1        TTM-HOSVD   0.460
elapsed17 4.283794 2 10 5000 10 500   A2        TTM-HOSVD   0.460
elapsed18 1.391717 2 10 5000 10 500   A3        TTM-HOSVD   0.460
elapsed19 3.097991 2 10 5000 10 500 core        TTM-HOSVD   0.460
[1] "R = 5000 Q1 = 10 Q2=10 K1 = 2 K2 = 2 K3= 2 M= 1000 seed = 13"
