My SLURM_ARRAY_TASK_ID:  19
My SLURM_ARRAY_JOB_ID:  23316935
name experiment is exp_K_10-5000-FALSE-23316935_19
[1] " result file; "
[1] "exp_K_10-5000-FALSE-23316935_19"
[1] 19
[1] "R = 5000 Q1 = 10 Q2=10 K1 = 2 K2 = 2 K3= 2 M= 500 seed = 19"
Chain 1: ------------------------------------------------------------
Chain 1: EXPERIMENTAL ALGORITHM:
Chain 1:   This procedure has not been thoroughly tested and may be unstable
Chain 1:   or buggy. The interface is subject to change.
Chain 1: ------------------------------------------------------------
Chain 1: 
Chain 1: 
Chain 1: 
Chain 1: Gradient evaluation took 0.119718 seconds
Chain 1: 1000 transitions using 10 leapfrog steps per transition would take 1197.18 seconds.
Chain 1: Adjust your expectations accordingly!
Chain 1: 
Chain 1: 
Chain 1: Begin eta adaptation.
Chain 1: Iteration:   1 / 250 [  0%]  (Adaptation)
Chain 1: Iteration:  50 / 250 [ 20%]  (Adaptation)
Chain 1: Iteration: 100 / 250 [ 40%]  (Adaptation)
Chain 1: Iteration: 150 / 250 [ 60%]  (Adaptation)
Chain 1: Iteration: 200 / 250 [ 80%]  (Adaptation)
Chain 1: Success! Found best value [eta = 1] earlier than expected.
Chain 1: 
Chain 1: Begin stochastic gradient ascent.
Chain 1:   iter             ELBO   delta_ELBO_mean   delta_ELBO_med   notes 
Chain 1:    100      -147244.021             1.000            1.000
Chain 1:    200      -146516.117             0.502            1.000
Chain 1:    300      -146271.100             0.336            0.005   MEDIAN ELBO CONVERGED
Chain 1: 
Chain 1: Drawing a sample of size 1000 from the approximate posterior... 
Chain 1: COMPLETED.
[1] "here"
[1] "here"
[1] "here"
[1] "Done with method bayesian"
             error K Q1    R Q2   M mode   method    time
elapsed  2.2596401 2 10 5000 10 500   A1 bayesian 338.842
elapsed1 2.1677783 2 10 5000 10 500   A2 bayesian 338.842
elapsed2 1.2548165 2 10 5000 10 500   A3 bayesian 338.842
elapsed3 0.6124194 2 10 5000 10 500 core bayesian 338.842
[1] "Done with method LDA"
             error K Q1    R Q2   M mode   method    time
elapsed  2.2596401 2 10 5000 10 500   A1 bayesian 338.842
elapsed1 2.1677783 2 10 5000 10 500   A2 bayesian 338.842
elapsed2 1.2548165 2 10 5000 10 500   A3 bayesian 338.842
elapsed3 0.6124194 2 10 5000 10 500 core bayesian 338.842
[1] "finish NTD"
[1] "here"
[1] "here"
[1] "Done with method NTD"
             error K Q1    R Q2   M mode   method    time
elapsed  2.2596401 2 10 5000 10 500   A1 bayesian 338.842
elapsed1 2.1677783 2 10 5000 10 500   A2 bayesian 338.842
elapsed2 1.2548165 2 10 5000 10 500   A3 bayesian 338.842
elapsed3 0.6124194 2 10 5000 10 500 core bayesian 338.842
elapsed4 8.0456262 2 10 5000 10 500   A1      NTD  22.191
elapsed5 6.9756385 2 10 5000 10 500   A2      NTD  22.191
elapsed6 1.4698612 2 10 5000 10 500   A3      NTD  22.191
elapsed7 2.5041426 2 10 5000 10 500 core      NTD  22.191
[1] 4921  100   10   10 4921
[1] "Dim voc init: 4921"
  |                                                                              |                                                                      |   0%  |                                                                              |=======================                                               |  33%  |                                                                              |===============================================                       |  67%  |                                                                              |======================================================================| 100%
[1] "Start VH"
[1] "Start Step 4"
[1] "Start VH"
[1] "Start Step 4"
[1] "Start VH"
[1] "Start Step 4"
[1] "here"
[1] "here"
[1] "Done with method TopicScore-HOSVD"
              error K Q1    R Q2   M mode           method    time
elapsed   2.2596401 2 10 5000 10 500   A1         bayesian 338.842
elapsed1  2.1677783 2 10 5000 10 500   A2         bayesian 338.842
elapsed2  1.2548165 2 10 5000 10 500   A3         bayesian 338.842
elapsed3  0.6124194 2 10 5000 10 500 core         bayesian 338.842
elapsed4  8.0456262 2 10 5000 10 500   A1              NTD  22.191
elapsed5  6.9756385 2 10 5000 10 500   A2              NTD  22.191
elapsed6  1.4698612 2 10 5000 10 500   A3              NTD  22.191
elapsed7  2.5041426 2 10 5000 10 500 core              NTD  22.191
elapsed8  7.2354851 2 10 5000 10 500   A1 TopicScore-HOSVD   0.542
elapsed9  1.5839605 2 10 5000 10 500   A2 TopicScore-HOSVD   0.542
elapsed10 1.3866548 2 10 5000 10 500   A3 TopicScore-HOSVD   0.542
elapsed11 2.5695402 2 10 5000 10 500 core TopicScore-HOSVD   0.542
[1] 4921  100   10   10 4921
[1] "Dim voc init: 4921"
[1]   10   10 4921
[1] "Start VH"
[1] "Start Step 4"
[1] "Start VH"
[1] "Start Step 4"
[1] "Start VH"
[1] "Start Step 4"
[1] "here"
[1] "here"
[1] "Done with method TTM-HOOI"
              error K Q1    R Q2   M mode           method    time
elapsed   2.2596401 2 10 5000 10 500   A1         bayesian 338.842
elapsed1  2.1677783 2 10 5000 10 500   A2         bayesian 338.842
elapsed2  1.2548165 2 10 5000 10 500   A3         bayesian 338.842
elapsed3  0.6124194 2 10 5000 10 500 core         bayesian 338.842
elapsed4  8.0456262 2 10 5000 10 500   A1              NTD  22.191
elapsed5  6.9756385 2 10 5000 10 500   A2              NTD  22.191
elapsed6  1.4698612 2 10 5000 10 500   A3              NTD  22.191
elapsed7  2.5041426 2 10 5000 10 500 core              NTD  22.191
elapsed8  7.2354851 2 10 5000 10 500   A1 TopicScore-HOSVD   0.542
elapsed9  1.5839605 2 10 5000 10 500   A2 TopicScore-HOSVD   0.542
elapsed10 1.3866548 2 10 5000 10 500   A3 TopicScore-HOSVD   0.542
elapsed11 2.5695402 2 10 5000 10 500 core TopicScore-HOSVD   0.542
elapsed12 4.8840096 2 10 5000 10 500   A1         TTM-HOOI   3.601
elapsed13 0.4848964 2 10 5000 10 500   A2         TTM-HOOI   3.601
elapsed14 1.3438580 2 10 5000 10 500   A3         TTM-HOOI   3.601
elapsed15 2.5695402 2 10 5000 10 500 core         TTM-HOOI   3.601
[1] 4921  100   10   10 4921
[1] "Dim voc init: 4921"
[1]   10   10 4921
  |                                                                              |                                                                      |   0%  |                                                                              |=======================                                               |  33%  |                                                                              |===============================================                       |  67%  |                                                                              |======================================================================| 100%
[1] "Start VH"
[1] "Start Step 4"
[1] "Start VH"
[1] "Start Step 4"
[1] "Start VH"
[1] "Start Step 4"
[1] "here"
[1] "here"
[1] "Done with method TTM-HOSVD"
              error K Q1    R Q2   M mode           method    time
elapsed   2.2596401 2 10 5000 10 500   A1         bayesian 338.842
elapsed1  2.1677783 2 10 5000 10 500   A2         bayesian 338.842
elapsed2  1.2548165 2 10 5000 10 500   A3         bayesian 338.842
elapsed3  0.6124194 2 10 5000 10 500 core         bayesian 338.842
elapsed4  8.0456262 2 10 5000 10 500   A1              NTD  22.191
elapsed5  6.9756385 2 10 5000 10 500   A2              NTD  22.191
elapsed6  1.4698612 2 10 5000 10 500   A3              NTD  22.191
elapsed7  2.5041426 2 10 5000 10 500 core              NTD  22.191
elapsed8  7.2354851 2 10 5000 10 500   A1 TopicScore-HOSVD   0.542
elapsed9  1.5839605 2 10 5000 10 500   A2 TopicScore-HOSVD   0.542
elapsed10 1.3866548 2 10 5000 10 500   A3 TopicScore-HOSVD   0.542
elapsed11 2.5695402 2 10 5000 10 500 core TopicScore-HOSVD   0.542
elapsed12 4.8840096 2 10 5000 10 500   A1         TTM-HOOI   3.601
elapsed13 0.4848964 2 10 5000 10 500   A2         TTM-HOOI   3.601
elapsed14 1.3438580 2 10 5000 10 500   A3         TTM-HOOI   3.601
elapsed15 2.5695402 2 10 5000 10 500 core         TTM-HOOI   3.601
elapsed16 4.7117719 2 10 5000 10 500   A1        TTM-HOSVD   0.460
elapsed17 0.4948682 2 10 5000 10 500   A2        TTM-HOSVD   0.460
elapsed18 1.3438580 2 10 5000 10 500   A3        TTM-HOSVD   0.460
elapsed19 2.5695402 2 10 5000 10 500 core        TTM-HOSVD   0.460
[1] "R = 5000 Q1 = 10 Q2=10 K1 = 2 K2 = 2 K3= 2 M= 1000 seed = 19"
