My SLURM_ARRAY_TASK_ID:  20
My SLURM_ARRAY_JOB_ID:  23316935
name experiment is exp_K_10-5000-FALSE-23316935_20
[1] " result file; "
[1] "exp_K_10-5000-FALSE-23316935_20"
[1] 20
[1] "R = 5000 Q1 = 10 Q2=10 K1 = 2 K2 = 2 K3= 2 M= 500 seed = 20"
Chain 1: ------------------------------------------------------------
Chain 1: EXPERIMENTAL ALGORITHM:
Chain 1:   This procedure has not been thoroughly tested and may be unstable
Chain 1:   or buggy. The interface is subject to change.
Chain 1: ------------------------------------------------------------
Chain 1: 
Chain 1: 
Chain 1: 
Chain 1: Gradient evaluation took 0.119805 seconds
Chain 1: 1000 transitions using 10 leapfrog steps per transition would take 1198.05 seconds.
Chain 1: Adjust your expectations accordingly!
Chain 1: 
Chain 1: 
Chain 1: Begin eta adaptation.
Chain 1: Iteration:   1 / 250 [  0%]  (Adaptation)
Chain 1: Iteration:  50 / 250 [ 20%]  (Adaptation)
Chain 1: Iteration: 100 / 250 [ 40%]  (Adaptation)
Chain 1: Iteration: 150 / 250 [ 60%]  (Adaptation)
Chain 1: Iteration: 200 / 250 [ 80%]  (Adaptation)
Chain 1: Success! Found best value [eta = 1] earlier than expected.
Chain 1: 
Chain 1: Begin stochastic gradient ascent.
Chain 1:   iter             ELBO   delta_ELBO_mean   delta_ELBO_med   notes 
Chain 1:    100      -145896.258             1.000            1.000
Chain 1:    200      -145235.004             0.502            1.000
Chain 1:    300      -145109.430             0.335            0.005   MEDIAN ELBO CONVERGED
Chain 1: 
Chain 1: Drawing a sample of size 1000 from the approximate posterior... 
Chain 1: COMPLETED.
[1] "here"
[1] "here"
[1] "here"
[1] "Done with method bayesian"
            error K Q1    R Q2   M mode   method    time
elapsed  4.521214 2 10 5000 10 500   A1 bayesian 340.011
elapsed1 5.052246 2 10 5000 10 500   A2 bayesian 340.011
elapsed2 1.322688 2 10 5000 10 500   A3 bayesian 340.011
elapsed3 2.216939 2 10 5000 10 500 core bayesian 340.011
[1] "Done with method LDA"
            error K Q1    R Q2   M mode   method    time
elapsed  4.521214 2 10 5000 10 500   A1 bayesian 340.011
elapsed1 5.052246 2 10 5000 10 500   A2 bayesian 340.011
elapsed2 1.322688 2 10 5000 10 500   A3 bayesian 340.011
elapsed3 2.216939 2 10 5000 10 500 core bayesian 340.011
[1] "finish NTD"
[1] "here"
[1] "here"
[1] "Done with method NTD"
            error K Q1    R Q2   M mode   method    time
elapsed  4.521214 2 10 5000 10 500   A1 bayesian 340.011
elapsed1 5.052246 2 10 5000 10 500   A2 bayesian 340.011
elapsed2 1.322688 2 10 5000 10 500   A3 bayesian 340.011
elapsed3 2.216939 2 10 5000 10 500 core bayesian 340.011
elapsed4 9.364069 2 10 5000 10 500   A1      NTD  22.177
elapsed5 9.351194 2 10 5000 10 500   A2      NTD  22.177
elapsed6 1.651873 2 10 5000 10 500   A3      NTD  22.177
elapsed7 2.698590 2 10 5000 10 500 core      NTD  22.177
[1] 4906  100   10   10 4906
[1] "Dim voc init: 4906"
  |                                                                              |                                                                      |   0%  |                                                                              |=======================                                               |  33%  |                                                                              |===============================================                       |  67%  |                                                                              |======================================================================| 100%
[1] "Start VH"
[1] "Start Step 4"
[1] "Start VH"
[1] "Start Step 4"
[1] "Start VH"
[1] "Start Step 4"
[1] "here"
[1] "here"
[1] "Done with method TopicScore-HOSVD"
             error K Q1    R Q2   M mode           method    time
elapsed   4.521214 2 10 5000 10 500   A1         bayesian 340.011
elapsed1  5.052246 2 10 5000 10 500   A2         bayesian 340.011
elapsed2  1.322688 2 10 5000 10 500   A3         bayesian 340.011
elapsed3  2.216939 2 10 5000 10 500 core         bayesian 340.011
elapsed4  9.364069 2 10 5000 10 500   A1              NTD  22.177
elapsed5  9.351194 2 10 5000 10 500   A2              NTD  22.177
elapsed6  1.651873 2 10 5000 10 500   A3              NTD  22.177
elapsed7  2.698590 2 10 5000 10 500 core              NTD  22.177
elapsed8  6.455377 2 10 5000 10 500   A1 TopicScore-HOSVD   0.541
elapsed9  3.661533 2 10 5000 10 500   A2 TopicScore-HOSVD   0.541
elapsed10 1.399352 2 10 5000 10 500   A3 TopicScore-HOSVD   0.541
elapsed11 3.691479 2 10 5000 10 500 core TopicScore-HOSVD   0.541
[1] 4906  100   10   10 4906
[1] "Dim voc init: 4906"
[1]   10   10 4906
[1] "Start VH"
[1] "Start Step 4"
[1] "Start VH"
[1] "Start Step 4"
[1] "Start VH"
[1] "Start Step 4"
[1] "here"
[1] "here"
[1] "Done with method TTM-HOOI"
             error K Q1    R Q2   M mode           method    time
elapsed   4.521214 2 10 5000 10 500   A1         bayesian 340.011
elapsed1  5.052246 2 10 5000 10 500   A2         bayesian 340.011
elapsed2  1.322688 2 10 5000 10 500   A3         bayesian 340.011
elapsed3  2.216939 2 10 5000 10 500 core         bayesian 340.011
elapsed4  9.364069 2 10 5000 10 500   A1              NTD  22.177
elapsed5  9.351194 2 10 5000 10 500   A2              NTD  22.177
elapsed6  1.651873 2 10 5000 10 500   A3              NTD  22.177
elapsed7  2.698590 2 10 5000 10 500 core              NTD  22.177
elapsed8  6.455377 2 10 5000 10 500   A1 TopicScore-HOSVD   0.541
elapsed9  3.661533 2 10 5000 10 500   A2 TopicScore-HOSVD   0.541
elapsed10 1.399352 2 10 5000 10 500   A3 TopicScore-HOSVD   0.541
elapsed11 3.691479 2 10 5000 10 500 core TopicScore-HOSVD   0.541
elapsed12 1.498537 2 10 5000 10 500   A1         TTM-HOOI   5.397
elapsed13 4.753381 2 10 5000 10 500   A2         TTM-HOOI   5.397
elapsed14 1.401701 2 10 5000 10 500   A3         TTM-HOOI   5.397
elapsed15 2.392370 2 10 5000 10 500 core         TTM-HOOI   5.397
[1] 4906  100   10   10 4906
[1] "Dim voc init: 4906"
[1]   10   10 4906
  |                                                                              |                                                                      |   0%  |                                                                              |=======================                                               |  33%  |                                                                              |===============================================                       |  67%  |                                                                              |======================================================================| 100%
[1] "Start VH"
[1] "Start Step 4"
[1] "Start VH"
[1] "Start Step 4"
[1] "Start VH"
[1] "Start Step 4"
[1] "here"
[1] "here"
[1] "Done with method TTM-HOSVD"
             error K Q1    R Q2   M mode           method    time
elapsed   4.521214 2 10 5000 10 500   A1         bayesian 340.011
elapsed1  5.052246 2 10 5000 10 500   A2         bayesian 340.011
elapsed2  1.322688 2 10 5000 10 500   A3         bayesian 340.011
elapsed3  2.216939 2 10 5000 10 500 core         bayesian 340.011
elapsed4  9.364069 2 10 5000 10 500   A1              NTD  22.177
elapsed5  9.351194 2 10 5000 10 500   A2              NTD  22.177
elapsed6  1.651873 2 10 5000 10 500   A3              NTD  22.177
elapsed7  2.698590 2 10 5000 10 500 core              NTD  22.177
elapsed8  6.455377 2 10 5000 10 500   A1 TopicScore-HOSVD   0.541
elapsed9  3.661533 2 10 5000 10 500   A2 TopicScore-HOSVD   0.541
elapsed10 1.399352 2 10 5000 10 500   A3 TopicScore-HOSVD   0.541
elapsed11 3.691479 2 10 5000 10 500 core TopicScore-HOSVD   0.541
elapsed12 1.498537 2 10 5000 10 500   A1         TTM-HOOI   5.397
elapsed13 4.753381 2 10 5000 10 500   A2         TTM-HOOI   5.397
elapsed14 1.401701 2 10 5000 10 500   A3         TTM-HOOI   5.397
elapsed15 2.392370 2 10 5000 10 500 core         TTM-HOOI   5.397
elapsed16 1.464013 2 10 5000 10 500   A1        TTM-HOSVD   0.440
elapsed17 4.785624 2 10 5000 10 500   A2        TTM-HOSVD   0.440
elapsed18 1.401701 2 10 5000 10 500   A3        TTM-HOSVD   0.440
elapsed19 2.392370 2 10 5000 10 500 core        TTM-HOSVD   0.440
[1] "R = 5000 Q1 = 10 Q2=10 K1 = 2 K2 = 2 K3= 2 M= 1000 seed = 20"
