My SLURM_ARRAY_TASK_ID:  23
My SLURM_ARRAY_JOB_ID:  23316935
name experiment is exp_K_10-5000-FALSE-23316935_23
[1] " result file; "
[1] "exp_K_10-5000-FALSE-23316935_23"
[1] 23
[1] "R = 5000 Q1 = 10 Q2=10 K1 = 2 K2 = 2 K3= 2 M= 500 seed = 23"
Chain 1: ------------------------------------------------------------
Chain 1: EXPERIMENTAL ALGORITHM:
Chain 1:   This procedure has not been thoroughly tested and may be unstable
Chain 1:   or buggy. The interface is subject to change.
Chain 1: ------------------------------------------------------------
Chain 1: 
Chain 1: 
Chain 1: 
Chain 1: Gradient evaluation took 0.118283 seconds
Chain 1: 1000 transitions using 10 leapfrog steps per transition would take 1182.83 seconds.
Chain 1: Adjust your expectations accordingly!
Chain 1: 
Chain 1: 
Chain 1: Begin eta adaptation.
Chain 1: Iteration:   1 / 250 [  0%]  (Adaptation)
Chain 1: Iteration:  50 / 250 [ 20%]  (Adaptation)
Chain 1: Iteration: 100 / 250 [ 40%]  (Adaptation)
Chain 1: Iteration: 150 / 250 [ 60%]  (Adaptation)
Chain 1: Iteration: 200 / 250 [ 80%]  (Adaptation)
Chain 1: Success! Found best value [eta = 1] earlier than expected.
Chain 1: 
Chain 1: Begin stochastic gradient ascent.
Chain 1:   iter             ELBO   delta_ELBO_mean   delta_ELBO_med   notes 
Chain 1:    100      -146715.951             1.000            1.000
Chain 1:    200      -145971.163             0.503            1.000
Chain 1:    300      -145098.893             0.337            0.006   MEDIAN ELBO CONVERGED
Chain 1: 
Chain 1: Drawing a sample of size 1000 from the approximate posterior... 
Chain 1: COMPLETED.
[1] "here"
[1] "here"
[1] "here"
[1] "Done with method bayesian"
            error K Q1    R Q2   M mode   method    time
elapsed  2.940506 2 10 5000 10 500   A1 bayesian 335.032
elapsed1 3.794898 2 10 5000 10 500   A2 bayesian 335.032
elapsed2 1.424745 2 10 5000 10 500   A3 bayesian 335.032
elapsed3 2.945175 2 10 5000 10 500 core bayesian 335.032
[1] "Done with method LDA"
            error K Q1    R Q2   M mode   method    time
elapsed  2.940506 2 10 5000 10 500   A1 bayesian 335.032
elapsed1 3.794898 2 10 5000 10 500   A2 bayesian 335.032
elapsed2 1.424745 2 10 5000 10 500   A3 bayesian 335.032
elapsed3 2.945175 2 10 5000 10 500 core bayesian 335.032
[1] "finish NTD"
[1] "here"
[1] "here"
[1] "Done with method NTD"
            error K Q1    R Q2   M mode   method    time
elapsed  2.940506 2 10 5000 10 500   A1 bayesian 335.032
elapsed1 3.794898 2 10 5000 10 500   A2 bayesian 335.032
elapsed2 1.424745 2 10 5000 10 500   A3 bayesian 335.032
elapsed3 2.945175 2 10 5000 10 500 core bayesian 335.032
elapsed4 7.365399 2 10 5000 10 500   A1      NTD  21.624
elapsed5 6.896460 2 10 5000 10 500   A2      NTD  21.624
elapsed6 1.712187 2 10 5000 10 500   A3      NTD  21.624
elapsed7 2.580555 2 10 5000 10 500 core      NTD  21.624
[1] 4889  100   10   10 4889
[1] "Dim voc init: 4889"
  |                                                                              |                                                                      |   0%  |                                                                              |=======================                                               |  33%  |                                                                              |===============================================                       |  67%  |                                                                              |======================================================================| 100%
[1] "Start VH"
[1] "Start Step 4"
[1] "Start VH"
[1] "Start Step 4"
[1] "Start VH"
[1] "Start Step 4"
[1] "here"
[1] "here"
[1] "Done with method TopicScore-HOSVD"
             error K Q1    R Q2   M mode           method    time
elapsed   2.940506 2 10 5000 10 500   A1         bayesian 335.032
elapsed1  3.794898 2 10 5000 10 500   A2         bayesian 335.032
elapsed2  1.424745 2 10 5000 10 500   A3         bayesian 335.032
elapsed3  2.945175 2 10 5000 10 500 core         bayesian 335.032
elapsed4  7.365399 2 10 5000 10 500   A1              NTD  21.624
elapsed5  6.896460 2 10 5000 10 500   A2              NTD  21.624
elapsed6  1.712187 2 10 5000 10 500   A3              NTD  21.624
elapsed7  2.580555 2 10 5000 10 500 core              NTD  21.624
elapsed8  7.715612 2 10 5000 10 500   A1 TopicScore-HOSVD   0.571
elapsed9  6.705200 2 10 5000 10 500   A2 TopicScore-HOSVD   0.571
elapsed10 1.357263 2 10 5000 10 500   A3 TopicScore-HOSVD   0.571
elapsed11 4.189684 2 10 5000 10 500 core TopicScore-HOSVD   0.571
[1] 4889  100   10   10 4889
[1] "Dim voc init: 4889"
[1]   10   10 4889
[1] "Start VH"
[1] "Start Step 4"
[1] "Start VH"
[1] "Start Step 4"
[1] "Start VH"
[1] "Start Step 4"
[1] "here"
[1] "here"
[1] "Done with method TTM-HOOI"
             error K Q1    R Q2   M mode           method    time
elapsed   2.940506 2 10 5000 10 500   A1         bayesian 335.032
elapsed1  3.794898 2 10 5000 10 500   A2         bayesian 335.032
elapsed2  1.424745 2 10 5000 10 500   A3         bayesian 335.032
elapsed3  2.945175 2 10 5000 10 500 core         bayesian 335.032
elapsed4  7.365399 2 10 5000 10 500   A1              NTD  21.624
elapsed5  6.896460 2 10 5000 10 500   A2              NTD  21.624
elapsed6  1.712187 2 10 5000 10 500   A3              NTD  21.624
elapsed7  2.580555 2 10 5000 10 500 core              NTD  21.624
elapsed8  7.715612 2 10 5000 10 500   A1 TopicScore-HOSVD   0.571
elapsed9  6.705200 2 10 5000 10 500   A2 TopicScore-HOSVD   0.571
elapsed10 1.357263 2 10 5000 10 500   A3 TopicScore-HOSVD   0.571
elapsed11 4.189684 2 10 5000 10 500 core TopicScore-HOSVD   0.571
elapsed12 1.070206 2 10 5000 10 500   A1         TTM-HOOI   8.144
elapsed13 9.716528 2 10 5000 10 500   A2         TTM-HOOI   8.144
elapsed14 1.424027 2 10 5000 10 500   A3         TTM-HOOI   8.144
elapsed15 3.275936 2 10 5000 10 500 core         TTM-HOOI   8.144
[1] 4889  100   10   10 4889
[1] "Dim voc init: 4889"
[1]   10   10 4889
  |                                                                              |                                                                      |   0%  |                                                                              |=======================                                               |  33%  |                                                                              |===============================================                       |  67%  |                                                                              |======================================================================| 100%
[1] "Start VH"
[1] "Start Step 4"
[1] "Start VH"
[1] "Start Step 4"
[1] "Start VH"
[1] "Start Step 4"
[1] "here"
[1] "here"
[1] "Done with method TTM-HOSVD"
             error K Q1    R Q2   M mode           method    time
elapsed   2.940506 2 10 5000 10 500   A1         bayesian 335.032
elapsed1  3.794898 2 10 5000 10 500   A2         bayesian 335.032
elapsed2  1.424745 2 10 5000 10 500   A3         bayesian 335.032
elapsed3  2.945175 2 10 5000 10 500 core         bayesian 335.032
elapsed4  7.365399 2 10 5000 10 500   A1              NTD  21.624
elapsed5  6.896460 2 10 5000 10 500   A2              NTD  21.624
elapsed6  1.712187 2 10 5000 10 500   A3              NTD  21.624
elapsed7  2.580555 2 10 5000 10 500 core              NTD  21.624
elapsed8  7.715612 2 10 5000 10 500   A1 TopicScore-HOSVD   0.571
elapsed9  6.705200 2 10 5000 10 500   A2 TopicScore-HOSVD   0.571
elapsed10 1.357263 2 10 5000 10 500   A3 TopicScore-HOSVD   0.571
elapsed11 4.189684 2 10 5000 10 500 core TopicScore-HOSVD   0.571
elapsed12 1.070206 2 10 5000 10 500   A1         TTM-HOOI   8.144
elapsed13 9.716528 2 10 5000 10 500   A2         TTM-HOOI   8.144
elapsed14 1.424027 2 10 5000 10 500   A3         TTM-HOOI   8.144
elapsed15 3.275936 2 10 5000 10 500 core         TTM-HOOI   8.144
elapsed16 1.424542 2 10 5000 10 500   A1        TTM-HOSVD   0.453
elapsed17 9.877862 2 10 5000 10 500   A2        TTM-HOSVD   0.453
elapsed18 1.424027 2 10 5000 10 500   A3        TTM-HOSVD   0.453
elapsed19 3.275936 2 10 5000 10 500 core        TTM-HOSVD   0.453
[1] "R = 5000 Q1 = 10 Q2=10 K1 = 2 K2 = 2 K3= 2 M= 1000 seed = 23"
