My SLURM_ARRAY_TASK_ID:  15
My SLURM_ARRAY_JOB_ID:  23316935
name experiment is exp_K_10-5000-FALSE-23316935_15
[1] " result file; "
[1] "exp_K_10-5000-FALSE-23316935_15"
[1] 15
[1] "R = 5000 Q1 = 10 Q2=10 K1 = 2 K2 = 2 K3= 2 M= 500 seed = 15"
Chain 1: ------------------------------------------------------------
Chain 1: EXPERIMENTAL ALGORITHM:
Chain 1:   This procedure has not been thoroughly tested and may be unstable
Chain 1:   or buggy. The interface is subject to change.
Chain 1: ------------------------------------------------------------
Chain 1: 
Chain 1: 
Chain 1: 
Chain 1: Gradient evaluation took 0.119092 seconds
Chain 1: 1000 transitions using 10 leapfrog steps per transition would take 1190.92 seconds.
Chain 1: Adjust your expectations accordingly!
Chain 1: 
Chain 1: 
Chain 1: Begin eta adaptation.
Chain 1: Iteration:   1 / 250 [  0%]  (Adaptation)
Chain 1: Iteration:  50 / 250 [ 20%]  (Adaptation)
Chain 1: Iteration: 100 / 250 [ 40%]  (Adaptation)
Chain 1: Iteration: 150 / 250 [ 60%]  (Adaptation)
Chain 1: Iteration: 200 / 250 [ 80%]  (Adaptation)
Chain 1: Success! Found best value [eta = 1] earlier than expected.
Chain 1: 
Chain 1: Begin stochastic gradient ascent.
Chain 1:   iter             ELBO   delta_ELBO_mean   delta_ELBO_med   notes 
Chain 1:    100      -145710.152             1.000            1.000
Chain 1:    200      -144977.049             0.503            1.000
Chain 1:    300      -144849.253             0.335            0.005   MEDIAN ELBO CONVERGED
Chain 1: 
Chain 1: Drawing a sample of size 1000 from the approximate posterior... 
Chain 1: COMPLETED.
[1] "here"
[1] "here"
[1] "here"
[1] "Done with method bayesian"
            error K Q1    R Q2   M mode   method    time
elapsed  4.698070 2 10 5000 10 500   A1 bayesian 337.669
elapsed1 6.366302 2 10 5000 10 500   A2 bayesian 337.669
elapsed2 1.339666 2 10 5000 10 500   A3 bayesian 337.669
elapsed3 3.310198 2 10 5000 10 500 core bayesian 337.669
[1] "Done with method LDA"
            error K Q1    R Q2   M mode   method    time
elapsed  4.698070 2 10 5000 10 500   A1 bayesian 337.669
elapsed1 6.366302 2 10 5000 10 500   A2 bayesian 337.669
elapsed2 1.339666 2 10 5000 10 500   A3 bayesian 337.669
elapsed3 3.310198 2 10 5000 10 500 core bayesian 337.669
[1] "finish NTD"
[1] "here"
[1] "here"
[1] "Done with method NTD"
            error K Q1    R Q2   M mode   method    time
elapsed  4.698070 2 10 5000 10 500   A1 bayesian 337.669
elapsed1 6.366302 2 10 5000 10 500   A2 bayesian 337.669
elapsed2 1.339666 2 10 5000 10 500   A3 bayesian 337.669
elapsed3 3.310198 2 10 5000 10 500 core bayesian 337.669
elapsed4 9.660725 2 10 5000 10 500   A1      NTD  21.985
elapsed5 7.921831 2 10 5000 10 500   A2      NTD  21.985
elapsed6 1.697410 2 10 5000 10 500   A3      NTD  21.985
elapsed7 1.557856 2 10 5000 10 500 core      NTD  21.985
[1] 4908  100   10   10 4908
[1] "Dim voc init: 4908"
  |                                                                              |                                                                      |   0%  |                                                                              |=======================                                               |  33%  |                                                                              |===============================================                       |  67%  |                                                                              |======================================================================| 100%
[1] "Start VH"
[1] "Start Step 4"
[1] "Start VH"
[1] "Start Step 4"
[1] "Start VH"
[1] "Start Step 4"
[1] "here"
[1] "here"
[1] "Done with method TopicScore-HOSVD"
             error K Q1    R Q2   M mode           method    time
elapsed   4.698070 2 10 5000 10 500   A1         bayesian 337.669
elapsed1  6.366302 2 10 5000 10 500   A2         bayesian 337.669
elapsed2  1.339666 2 10 5000 10 500   A3         bayesian 337.669
elapsed3  3.310198 2 10 5000 10 500 core         bayesian 337.669
elapsed4  9.660725 2 10 5000 10 500   A1              NTD  21.985
elapsed5  7.921831 2 10 5000 10 500   A2              NTD  21.985
elapsed6  1.697410 2 10 5000 10 500   A3              NTD  21.985
elapsed7  1.557856 2 10 5000 10 500 core              NTD  21.985
elapsed8  5.259382 2 10 5000 10 500   A1 TopicScore-HOSVD   0.550
elapsed9  7.374488 2 10 5000 10 500   A2 TopicScore-HOSVD   0.550
elapsed10 1.359049 2 10 5000 10 500   A3 TopicScore-HOSVD   0.550
elapsed11 2.019387 2 10 5000 10 500 core TopicScore-HOSVD   0.550
[1] 4908  100   10   10 4908
[1] "Dim voc init: 4908"
[1]   10   10 4908
[1] "Start VH"
[1] "Start Step 4"
[1] "Start VH"
[1] "Start Step 4"
[1] "Start VH"
[1] "Start Step 4"
[1] "here"
[1] "here"
[1] "Done with method TTM-HOOI"
             error K Q1    R Q2   M mode           method    time
elapsed   4.698070 2 10 5000 10 500   A1         bayesian 337.669
elapsed1  6.366302 2 10 5000 10 500   A2         bayesian 337.669
elapsed2  1.339666 2 10 5000 10 500   A3         bayesian 337.669
elapsed3  3.310198 2 10 5000 10 500 core         bayesian 337.669
elapsed4  9.660725 2 10 5000 10 500   A1              NTD  21.985
elapsed5  7.921831 2 10 5000 10 500   A2              NTD  21.985
elapsed6  1.697410 2 10 5000 10 500   A3              NTD  21.985
elapsed7  1.557856 2 10 5000 10 500 core              NTD  21.985
elapsed8  5.259382 2 10 5000 10 500   A1 TopicScore-HOSVD   0.550
elapsed9  7.374488 2 10 5000 10 500   A2 TopicScore-HOSVD   0.550
elapsed10 1.359049 2 10 5000 10 500   A3 TopicScore-HOSVD   0.550
elapsed11 2.019387 2 10 5000 10 500 core TopicScore-HOSVD   0.550
elapsed12 1.996823 2 10 5000 10 500   A1         TTM-HOOI   5.039
elapsed13 4.159573 2 10 5000 10 500   A2         TTM-HOOI   5.039
elapsed14 1.389784 2 10 5000 10 500   A3         TTM-HOOI   5.039
elapsed15 2.562676 2 10 5000 10 500 core         TTM-HOOI   5.039
[1] 4908  100   10   10 4908
[1] "Dim voc init: 4908"
[1]   10   10 4908
  |                                                                              |                                                                      |   0%  |                                                                              |=======================                                               |  33%  |                                                                              |===============================================                       |  67%  |                                                                              |======================================================================| 100%
[1] "Start VH"
[1] "Start Step 4"
[1] "Start VH"
[1] "Start Step 4"
[1] "Start VH"
[1] "Start Step 4"
[1] "here"
[1] "here"
[1] "Done with method TTM-HOSVD"
             error K Q1    R Q2   M mode           method    time
elapsed   4.698070 2 10 5000 10 500   A1         bayesian 337.669
elapsed1  6.366302 2 10 5000 10 500   A2         bayesian 337.669
elapsed2  1.339666 2 10 5000 10 500   A3         bayesian 337.669
elapsed3  3.310198 2 10 5000 10 500 core         bayesian 337.669
elapsed4  9.660725 2 10 5000 10 500   A1              NTD  21.985
elapsed5  7.921831 2 10 5000 10 500   A2              NTD  21.985
elapsed6  1.697410 2 10 5000 10 500   A3              NTD  21.985
elapsed7  1.557856 2 10 5000 10 500 core              NTD  21.985
elapsed8  5.259382 2 10 5000 10 500   A1 TopicScore-HOSVD   0.550
elapsed9  7.374488 2 10 5000 10 500   A2 TopicScore-HOSVD   0.550
elapsed10 1.359049 2 10 5000 10 500   A3 TopicScore-HOSVD   0.550
elapsed11 2.019387 2 10 5000 10 500 core TopicScore-HOSVD   0.550
elapsed12 1.996823 2 10 5000 10 500   A1         TTM-HOOI   5.039
elapsed13 4.159573 2 10 5000 10 500   A2         TTM-HOOI   5.039
elapsed14 1.389784 2 10 5000 10 500   A3         TTM-HOOI   5.039
elapsed15 2.562676 2 10 5000 10 500 core         TTM-HOOI   5.039
elapsed16 1.981438 2 10 5000 10 500   A1        TTM-HOSVD   0.451
elapsed17 7.810629 2 10 5000 10 500   A2        TTM-HOSVD   0.451
elapsed18 1.389784 2 10 5000 10 500   A3        TTM-HOSVD   0.451
elapsed19 2.562676 2 10 5000 10 500 core        TTM-HOSVD   0.451
[1] "R = 5000 Q1 = 10 Q2=10 K1 = 2 K2 = 2 K3= 2 M= 1000 seed = 15"
