My SLURM_ARRAY_TASK_ID:  14
My SLURM_ARRAY_JOB_ID:  23316935
name experiment is exp_K_10-5000-FALSE-23316935_14
[1] " result file; "
[1] "exp_K_10-5000-FALSE-23316935_14"
[1] 14
[1] "R = 5000 Q1 = 10 Q2=10 K1 = 2 K2 = 2 K3= 2 M= 500 seed = 14"
Chain 1: ------------------------------------------------------------
Chain 1: EXPERIMENTAL ALGORITHM:
Chain 1:   This procedure has not been thoroughly tested and may be unstable
Chain 1:   or buggy. The interface is subject to change.
Chain 1: ------------------------------------------------------------
Chain 1: 
Chain 1: 
Chain 1: 
Chain 1: Gradient evaluation took 0.117712 seconds
Chain 1: 1000 transitions using 10 leapfrog steps per transition would take 1177.12 seconds.
Chain 1: Adjust your expectations accordingly!
Chain 1: 
Chain 1: 
Chain 1: Begin eta adaptation.
Chain 1: Iteration:   1 / 250 [  0%]  (Adaptation)
Chain 1: Iteration:  50 / 250 [ 20%]  (Adaptation)
Chain 1: Iteration: 100 / 250 [ 40%]  (Adaptation)
Chain 1: Iteration: 150 / 250 [ 60%]  (Adaptation)
Chain 1: Iteration: 200 / 250 [ 80%]  (Adaptation)
Chain 1: Success! Found best value [eta = 1] earlier than expected.
Chain 1: 
Chain 1: Begin stochastic gradient ascent.
Chain 1:   iter             ELBO   delta_ELBO_mean   delta_ELBO_med   notes 
Chain 1:    100      -147015.792             1.000            1.000
Chain 1:    200      -146457.738             0.502            1.000
Chain 1:    300      -146268.920             0.335            0.004   MEDIAN ELBO CONVERGED
Chain 1: 
Chain 1: Drawing a sample of size 1000 from the approximate posterior... 
Chain 1: COMPLETED.
[1] "here"
[1] "here"
[1] "here"
[1] "Done with method bayesian"
            error K Q1    R Q2   M mode   method    time
elapsed  2.633691 2 10 5000 10 500   A1 bayesian 334.571
elapsed1 4.906009 2 10 5000 10 500   A2 bayesian 334.571
elapsed2 1.405197 2 10 5000 10 500   A3 bayesian 334.571
elapsed3 3.326873 2 10 5000 10 500 core bayesian 334.571
[1] "Done with method LDA"
            error K Q1    R Q2   M mode   method    time
elapsed  2.633691 2 10 5000 10 500   A1 bayesian 334.571
elapsed1 4.906009 2 10 5000 10 500   A2 bayesian 334.571
elapsed2 1.405197 2 10 5000 10 500   A3 bayesian 334.571
elapsed3 3.326873 2 10 5000 10 500 core bayesian 334.571
[1] "finish NTD"
[1] "here"
[1] "here"
[1] "Done with method NTD"
            error K Q1    R Q2   M mode   method    time
elapsed  2.633691 2 10 5000 10 500   A1 bayesian 334.571
elapsed1 4.906009 2 10 5000 10 500   A2 bayesian 334.571
elapsed2 1.405197 2 10 5000 10 500   A3 bayesian 334.571
elapsed3 3.326873 2 10 5000 10 500 core bayesian 334.571
elapsed4 8.223423 2 10 5000 10 500   A1      NTD  21.977
elapsed5 5.672383 2 10 5000 10 500   A2      NTD  21.977
elapsed6 1.669546 2 10 5000 10 500   A3      NTD  21.977
elapsed7 1.276421 2 10 5000 10 500 core      NTD  21.977
[1] 4903  100   10   10 4903
[1] "Dim voc init: 4903"
  |                                                                              |                                                                      |   0%  |                                                                              |=======================                                               |  33%  |                                                                              |===============================================                       |  67%  |                                                                              |======================================================================| 100%
[1] "Start VH"
[1] "Start Step 4"
[1] "Start VH"
[1] "Start Step 4"
[1] "Start VH"
[1] "Start Step 4"
[1] "here"
[1] "here"
[1] "Done with method TopicScore-HOSVD"
             error K Q1    R Q2   M mode           method    time
elapsed   2.633691 2 10 5000 10 500   A1         bayesian 334.571
elapsed1  4.906009 2 10 5000 10 500   A2         bayesian 334.571
elapsed2  1.405197 2 10 5000 10 500   A3         bayesian 334.571
elapsed3  3.326873 2 10 5000 10 500 core         bayesian 334.571
elapsed4  8.223423 2 10 5000 10 500   A1              NTD  21.977
elapsed5  5.672383 2 10 5000 10 500   A2              NTD  21.977
elapsed6  1.669546 2 10 5000 10 500   A3              NTD  21.977
elapsed7  1.276421 2 10 5000 10 500 core              NTD  21.977
elapsed8  6.567596 2 10 5000 10 500   A1 TopicScore-HOSVD   0.566
elapsed9  8.034403 2 10 5000 10 500   A2 TopicScore-HOSVD   0.566
elapsed10 1.409218 2 10 5000 10 500   A3 TopicScore-HOSVD   0.566
elapsed11 3.181062 2 10 5000 10 500 core TopicScore-HOSVD   0.566
[1] 4903  100   10   10 4903
[1] "Dim voc init: 4903"
[1]   10   10 4903
[1] "Start VH"
[1] "Start Step 4"
[1] "Start VH"
[1] "Start Step 4"
[1] "Start VH"
[1] "Start Step 4"
[1] "here"
[1] "here"
[1] "Done with method TTM-HOOI"
              error K Q1    R Q2   M mode           method    time
elapsed   2.6336910 2 10 5000 10 500   A1         bayesian 334.571
elapsed1  4.9060094 2 10 5000 10 500   A2         bayesian 334.571
elapsed2  1.4051967 2 10 5000 10 500   A3         bayesian 334.571
elapsed3  3.3268727 2 10 5000 10 500 core         bayesian 334.571
elapsed4  8.2234230 2 10 5000 10 500   A1              NTD  21.977
elapsed5  5.6723834 2 10 5000 10 500   A2              NTD  21.977
elapsed6  1.6695464 2 10 5000 10 500   A3              NTD  21.977
elapsed7  1.2764212 2 10 5000 10 500 core              NTD  21.977
elapsed8  6.5675964 2 10 5000 10 500   A1 TopicScore-HOSVD   0.566
elapsed9  8.0344034 2 10 5000 10 500   A2 TopicScore-HOSVD   0.566
elapsed10 1.4092176 2 10 5000 10 500   A3 TopicScore-HOSVD   0.566
elapsed11 3.1810621 2 10 5000 10 500 core TopicScore-HOSVD   0.566
elapsed12 0.6704515 2 10 5000 10 500   A1         TTM-HOOI   5.973
elapsed13 0.4739031 2 10 5000 10 500   A2         TTM-HOOI   5.973
elapsed14 1.4328547 2 10 5000 10 500   A3         TTM-HOOI   5.973
elapsed15 2.7427273 2 10 5000 10 500 core         TTM-HOOI   5.973
[1] 4903  100   10   10 4903
[1] "Dim voc init: 4903"
[1]   10   10 4903
  |                                                                              |                                                                      |   0%  |                                                                              |=======================                                               |  33%  |                                                                              |===============================================                       |  67%  |                                                                              |======================================================================| 100%
[1] "Start VH"
[1] "Start Step 4"
[1] "Start VH"
[1] "Start Step 4"
[1] "Start VH"
[1] "Start Step 4"
[1] "here"
[1] "here"
[1] "Done with method TTM-HOSVD"
              error K Q1    R Q2   M mode           method    time
elapsed   2.6336910 2 10 5000 10 500   A1         bayesian 334.571
elapsed1  4.9060094 2 10 5000 10 500   A2         bayesian 334.571
elapsed2  1.4051967 2 10 5000 10 500   A3         bayesian 334.571
elapsed3  3.3268727 2 10 5000 10 500 core         bayesian 334.571
elapsed4  8.2234230 2 10 5000 10 500   A1              NTD  21.977
elapsed5  5.6723834 2 10 5000 10 500   A2              NTD  21.977
elapsed6  1.6695464 2 10 5000 10 500   A3              NTD  21.977
elapsed7  1.2764212 2 10 5000 10 500 core              NTD  21.977
elapsed8  6.5675964 2 10 5000 10 500   A1 TopicScore-HOSVD   0.566
elapsed9  8.0344034 2 10 5000 10 500   A2 TopicScore-HOSVD   0.566
elapsed10 1.4092176 2 10 5000 10 500   A3 TopicScore-HOSVD   0.566
elapsed11 3.1810621 2 10 5000 10 500 core TopicScore-HOSVD   0.566
elapsed12 0.6704515 2 10 5000 10 500   A1         TTM-HOOI   5.973
elapsed13 0.4739031 2 10 5000 10 500   A2         TTM-HOOI   5.973
elapsed14 1.4328547 2 10 5000 10 500   A3         TTM-HOOI   5.973
elapsed15 2.7427273 2 10 5000 10 500 core         TTM-HOOI   5.973
elapsed16 0.7667785 2 10 5000 10 500   A1        TTM-HOSVD   0.446
elapsed17 1.0393437 2 10 5000 10 500   A2        TTM-HOSVD   0.446
elapsed18 1.4328547 2 10 5000 10 500   A3        TTM-HOSVD   0.446
elapsed19 2.7055511 2 10 5000 10 500 core        TTM-HOSVD   0.446
[1] "R = 5000 Q1 = 10 Q2=10 K1 = 2 K2 = 2 K3= 2 M= 1000 seed = 14"
