My SLURM_ARRAY_TASK_ID:  16
My SLURM_ARRAY_JOB_ID:  23316935
name experiment is exp_K_10-5000-FALSE-23316935_16
[1] " result file; "
[1] "exp_K_10-5000-FALSE-23316935_16"
[1] 16
[1] "R = 5000 Q1 = 10 Q2=10 K1 = 2 K2 = 2 K3= 2 M= 500 seed = 16"
Chain 1: ------------------------------------------------------------
Chain 1: EXPERIMENTAL ALGORITHM:
Chain 1:   This procedure has not been thoroughly tested and may be unstable
Chain 1:   or buggy. The interface is subject to change.
Chain 1: ------------------------------------------------------------
Chain 1: 
Chain 1: 
Chain 1: 
Chain 1: Gradient evaluation took 0.119235 seconds
Chain 1: 1000 transitions using 10 leapfrog steps per transition would take 1192.35 seconds.
Chain 1: Adjust your expectations accordingly!
Chain 1: 
Chain 1: 
Chain 1: Begin eta adaptation.
Chain 1: Iteration:   1 / 250 [  0%]  (Adaptation)
Chain 1: Iteration:  50 / 250 [ 20%]  (Adaptation)
Chain 1: Iteration: 100 / 250 [ 40%]  (Adaptation)
Chain 1: Iteration: 150 / 250 [ 60%]  (Adaptation)
Chain 1: Iteration: 200 / 250 [ 80%]  (Adaptation)
Chain 1: Success! Found best value [eta = 1] earlier than expected.
Chain 1: 
Chain 1: Begin stochastic gradient ascent.
Chain 1:   iter             ELBO   delta_ELBO_mean   delta_ELBO_med   notes 
Chain 1:    100      -147519.175             1.000            1.000
Chain 1:    200      -146647.032             0.503            1.000
Chain 1:    300      -146353.405             0.336            0.006   MEDIAN ELBO CONVERGED
Chain 1: 
Chain 1: Drawing a sample of size 1000 from the approximate posterior... 
Chain 1: COMPLETED.
[1] "here"
[1] "here"
[1] "here"
[1] "Done with method bayesian"
             error K Q1    R Q2   M mode   method    time
elapsed  6.1233651 2 10 5000 10 500   A1 bayesian 333.128
elapsed1 1.9164701 2 10 5000 10 500   A2 bayesian 333.128
elapsed2 1.1226109 2 10 5000 10 500   A3 bayesian 333.128
elapsed3 0.8581387 2 10 5000 10 500 core bayesian 333.128
[1] "Done with method LDA"
             error K Q1    R Q2   M mode   method    time
elapsed  6.1233651 2 10 5000 10 500   A1 bayesian 333.128
elapsed1 1.9164701 2 10 5000 10 500   A2 bayesian 333.128
elapsed2 1.1226109 2 10 5000 10 500   A3 bayesian 333.128
elapsed3 0.8581387 2 10 5000 10 500 core bayesian 333.128
[1] "finish NTD"
[1] "here"
[1] "here"
[1] "Done with method NTD"
             error K Q1    R Q2   M mode   method    time
elapsed  6.1233651 2 10 5000 10 500   A1 bayesian 333.128
elapsed1 1.9164701 2 10 5000 10 500   A2 bayesian 333.128
elapsed2 1.1226109 2 10 5000 10 500   A3 bayesian 333.128
elapsed3 0.8581387 2 10 5000 10 500 core bayesian 333.128
elapsed4 8.0876034 2 10 5000 10 500   A1      NTD  21.453
elapsed5 9.0710744 2 10 5000 10 500   A2      NTD  21.453
elapsed6 1.5716590 2 10 5000 10 500   A3      NTD  21.453
elapsed7 1.5818840 2 10 5000 10 500 core      NTD  21.453
[1] 4920  100   10   10 4920
[1] "Dim voc init: 4920"
  |                                                                              |                                                                      |   0%  |                                                                              |=======================                                               |  33%  |                                                                              |===============================================                       |  67%  |                                                                              |======================================================================| 100%
[1] "Start VH"
[1] "Start Step 4"
[1] "Start VH"
[1] "Start Step 4"
[1] "Start VH"
[1] "Start Step 4"
[1] "here"
[1] "here"
[1] "Done with method TopicScore-HOSVD"
              error K Q1    R Q2   M mode           method    time
elapsed   6.1233651 2 10 5000 10 500   A1         bayesian 333.128
elapsed1  1.9164701 2 10 5000 10 500   A2         bayesian 333.128
elapsed2  1.1226109 2 10 5000 10 500   A3         bayesian 333.128
elapsed3  0.8581387 2 10 5000 10 500 core         bayesian 333.128
elapsed4  8.0876034 2 10 5000 10 500   A1              NTD  21.453
elapsed5  9.0710744 2 10 5000 10 500   A2              NTD  21.453
elapsed6  1.5716590 2 10 5000 10 500   A3              NTD  21.453
elapsed7  1.5818840 2 10 5000 10 500 core              NTD  21.453
elapsed8  8.0653662 2 10 5000 10 500   A1 TopicScore-HOSVD   0.571
elapsed9  6.8844704 2 10 5000 10 500   A2 TopicScore-HOSVD   0.571
elapsed10 1.3744894 2 10 5000 10 500   A3 TopicScore-HOSVD   0.571
elapsed11 0.8707184 2 10 5000 10 500 core TopicScore-HOSVD   0.571
[1] 4920  100   10   10 4920
[1] "Dim voc init: 4920"
[1]   10   10 4920
[1] "Start VH"
[1] "Start Step 4"
[1] "Start VH"
[1] "Start Step 4"
[1] "Start VH"
[1] "Start Step 4"
[1] "here"
[1] "here"
[1] "Done with method TTM-HOOI"
              error K Q1    R Q2   M mode           method    time
elapsed   6.1233651 2 10 5000 10 500   A1         bayesian 333.128
elapsed1  1.9164701 2 10 5000 10 500   A2         bayesian 333.128
elapsed2  1.1226109 2 10 5000 10 500   A3         bayesian 333.128
elapsed3  0.8581387 2 10 5000 10 500 core         bayesian 333.128
elapsed4  8.0876034 2 10 5000 10 500   A1              NTD  21.453
elapsed5  9.0710744 2 10 5000 10 500   A2              NTD  21.453
elapsed6  1.5716590 2 10 5000 10 500   A3              NTD  21.453
elapsed7  1.5818840 2 10 5000 10 500 core              NTD  21.453
elapsed8  8.0653662 2 10 5000 10 500   A1 TopicScore-HOSVD   0.571
elapsed9  6.8844704 2 10 5000 10 500   A2 TopicScore-HOSVD   0.571
elapsed10 1.3744894 2 10 5000 10 500   A3 TopicScore-HOSVD   0.571
elapsed11 0.8707184 2 10 5000 10 500 core TopicScore-HOSVD   0.571
elapsed12 4.2958070 2 10 5000 10 500   A1         TTM-HOOI   4.344
elapsed13 6.7962017 2 10 5000 10 500   A2         TTM-HOOI   4.344
elapsed14 1.3778957 2 10 5000 10 500   A3         TTM-HOOI   4.344
elapsed15 3.6572696 2 10 5000 10 500 core         TTM-HOOI   4.344
[1] 4920  100   10   10 4920
[1] "Dim voc init: 4920"
[1]   10   10 4920
  |                                                                              |                                                                      |   0%  |                                                                              |=======================                                               |  33%  |                                                                              |===============================================                       |  67%  |                                                                              |======================================================================| 100%
[1] "Start VH"
[1] "Start Step 4"
[1] "Start VH"
[1] "Start Step 4"
[1] "Start VH"
[1] "Start Step 4"
[1] "here"
[1] "here"
[1] "Done with method TTM-HOSVD"
              error K Q1    R Q2   M mode           method    time
elapsed   6.1233651 2 10 5000 10 500   A1         bayesian 333.128
elapsed1  1.9164701 2 10 5000 10 500   A2         bayesian 333.128
elapsed2  1.1226109 2 10 5000 10 500   A3         bayesian 333.128
elapsed3  0.8581387 2 10 5000 10 500 core         bayesian 333.128
elapsed4  8.0876034 2 10 5000 10 500   A1              NTD  21.453
elapsed5  9.0710744 2 10 5000 10 500   A2              NTD  21.453
elapsed6  1.5716590 2 10 5000 10 500   A3              NTD  21.453
elapsed7  1.5818840 2 10 5000 10 500 core              NTD  21.453
elapsed8  8.0653662 2 10 5000 10 500   A1 TopicScore-HOSVD   0.571
elapsed9  6.8844704 2 10 5000 10 500   A2 TopicScore-HOSVD   0.571
elapsed10 1.3744894 2 10 5000 10 500   A3 TopicScore-HOSVD   0.571
elapsed11 0.8707184 2 10 5000 10 500 core TopicScore-HOSVD   0.571
elapsed12 4.2958070 2 10 5000 10 500   A1         TTM-HOOI   4.344
elapsed13 6.7962017 2 10 5000 10 500   A2         TTM-HOOI   4.344
elapsed14 1.3778957 2 10 5000 10 500   A3         TTM-HOOI   4.344
elapsed15 3.6572696 2 10 5000 10 500 core         TTM-HOOI   4.344
elapsed16 6.7406124 2 10 5000 10 500   A1        TTM-HOSVD   0.449
elapsed17 6.7962017 2 10 5000 10 500   A2        TTM-HOSVD   0.449
elapsed18 1.3778957 2 10 5000 10 500   A3        TTM-HOSVD   0.449
elapsed19 3.6572696 2 10 5000 10 500 core        TTM-HOSVD   0.449
[1] "R = 5000 Q1 = 10 Q2=10 K1 = 2 K2 = 2 K3= 2 M= 1000 seed = 16"
