My SLURM_ARRAY_TASK_ID:  11
My SLURM_ARRAY_JOB_ID:  23316935
name experiment is exp_K_10-5000-FALSE-23316935_11
[1] " result file; "
[1] "exp_K_10-5000-FALSE-23316935_11"
[1] 11
[1] "R = 5000 Q1 = 10 Q2=10 K1 = 2 K2 = 2 K3= 2 M= 500 seed = 11"
Chain 1: ------------------------------------------------------------
Chain 1: EXPERIMENTAL ALGORITHM:
Chain 1:   This procedure has not been thoroughly tested and may be unstable
Chain 1:   or buggy. The interface is subject to change.
Chain 1: ------------------------------------------------------------
Chain 1: 
Chain 1: 
Chain 1: 
Chain 1: Gradient evaluation took 0.119371 seconds
Chain 1: 1000 transitions using 10 leapfrog steps per transition would take 1193.71 seconds.
Chain 1: Adjust your expectations accordingly!
Chain 1: 
Chain 1: 
Chain 1: Begin eta adaptation.
Chain 1: Iteration:   1 / 250 [  0%]  (Adaptation)
Chain 1: Iteration:  50 / 250 [ 20%]  (Adaptation)
Chain 1: Iteration: 100 / 250 [ 40%]  (Adaptation)
Chain 1: Iteration: 150 / 250 [ 60%]  (Adaptation)
Chain 1: Iteration: 200 / 250 [ 80%]  (Adaptation)
Chain 1: Success! Found best value [eta = 1] earlier than expected.
Chain 1: 
Chain 1: Begin stochastic gradient ascent.
Chain 1:   iter             ELBO   delta_ELBO_mean   delta_ELBO_med   notes 
Chain 1:    100      -147892.318             1.000            1.000
Chain 1:    200      -145733.244             0.507            1.000
Chain 1:    300      -145549.955             0.339            0.015
Chain 1:    400      -145462.614             0.254            0.015
Chain 1:    500      -145449.438             0.203            0.001   MEDIAN ELBO CONVERGED
Chain 1: 
Chain 1: Drawing a sample of size 1000 from the approximate posterior... 
Chain 1: COMPLETED.
[1] "here"
[1] "here"
[1] "here"
[1] "Done with method bayesian"
            error K Q1    R Q2   M mode   method    time
elapsed  4.909020 2 10 5000 10 500   A1 bayesian 363.473
elapsed1 4.777438 2 10 5000 10 500   A2 bayesian 363.473
elapsed2 1.296959 2 10 5000 10 500   A3 bayesian 363.473
elapsed3 2.751257 2 10 5000 10 500 core bayesian 363.473
[1] "Done with method LDA"
            error K Q1    R Q2   M mode   method    time
elapsed  4.909020 2 10 5000 10 500   A1 bayesian 363.473
elapsed1 4.777438 2 10 5000 10 500   A2 bayesian 363.473
elapsed2 1.296959 2 10 5000 10 500   A3 bayesian 363.473
elapsed3 2.751257 2 10 5000 10 500 core bayesian 363.473
[1] "finish NTD"
[1] "here"
[1] "here"
[1] "Done with method NTD"
            error K Q1    R Q2   M mode   method    time
elapsed  4.909020 2 10 5000 10 500   A1 bayesian 363.473
elapsed1 4.777438 2 10 5000 10 500   A2 bayesian 363.473
elapsed2 1.296959 2 10 5000 10 500   A3 bayesian 363.473
elapsed3 2.751257 2 10 5000 10 500 core bayesian 363.473
elapsed4 9.327848 2 10 5000 10 500   A1      NTD  20.177
elapsed5 8.347600 2 10 5000 10 500   A2      NTD  20.177
elapsed6 1.687461 2 10 5000 10 500   A3      NTD  20.177
elapsed7 1.415546 2 10 5000 10 500 core      NTD  20.177
[1] 4919  100   10   10 4919
[1] "Dim voc init: 4919"
  |                                                                              |                                                                      |   0%  |                                                                              |=======================                                               |  33%  |                                                                              |===============================================                       |  67%  |                                                                              |======================================================================| 100%
[1] "Start VH"
[1] "Start Step 4"
[1] "Start VH"
[1] "Start Step 4"
[1] "Start VH"
[1] "Start Step 4"
[1] "here"
[1] "here"
[1] "Done with method TopicScore-HOSVD"
             error K Q1    R Q2   M mode           method    time
elapsed   4.909020 2 10 5000 10 500   A1         bayesian 363.473
elapsed1  4.777438 2 10 5000 10 500   A2         bayesian 363.473
elapsed2  1.296959 2 10 5000 10 500   A3         bayesian 363.473
elapsed3  2.751257 2 10 5000 10 500 core         bayesian 363.473
elapsed4  9.327848 2 10 5000 10 500   A1              NTD  20.177
elapsed5  8.347600 2 10 5000 10 500   A2              NTD  20.177
elapsed6  1.687461 2 10 5000 10 500   A3              NTD  20.177
elapsed7  1.415546 2 10 5000 10 500 core              NTD  20.177
elapsed8  7.167852 2 10 5000 10 500   A1 TopicScore-HOSVD   0.524
elapsed9  7.381617 2 10 5000 10 500   A2 TopicScore-HOSVD   0.524
elapsed10 1.358619 2 10 5000 10 500   A3 TopicScore-HOSVD   0.524
elapsed11 2.165667 2 10 5000 10 500 core TopicScore-HOSVD   0.524
[1] 4919  100   10   10 4919
[1] "Dim voc init: 4919"
[1]   10   10 4919
[1] "Start VH"
[1] "Start Step 4"
[1] "Start VH"
[1] "Start Step 4"
[1] "Start VH"
[1] "Start Step 4"
[1] "here"
[1] "here"
[1] "Done with method TTM-HOOI"
             error K Q1    R Q2   M mode           method    time
elapsed   4.909020 2 10 5000 10 500   A1         bayesian 363.473
elapsed1  4.777438 2 10 5000 10 500   A2         bayesian 363.473
elapsed2  1.296959 2 10 5000 10 500   A3         bayesian 363.473
elapsed3  2.751257 2 10 5000 10 500 core         bayesian 363.473
elapsed4  9.327848 2 10 5000 10 500   A1              NTD  20.177
elapsed5  8.347600 2 10 5000 10 500   A2              NTD  20.177
elapsed6  1.687461 2 10 5000 10 500   A3              NTD  20.177
elapsed7  1.415546 2 10 5000 10 500 core              NTD  20.177
elapsed8  7.167852 2 10 5000 10 500   A1 TopicScore-HOSVD   0.524
elapsed9  7.381617 2 10 5000 10 500   A2 TopicScore-HOSVD   0.524
elapsed10 1.358619 2 10 5000 10 500   A3 TopicScore-HOSVD   0.524
elapsed11 2.165667 2 10 5000 10 500 core TopicScore-HOSVD   0.524
elapsed12 2.796514 2 10 5000 10 500   A1         TTM-HOOI   4.605
elapsed13 7.400497 2 10 5000 10 500   A2         TTM-HOOI   4.605
elapsed14 1.387950 2 10 5000 10 500   A3         TTM-HOOI   4.605
elapsed15 2.888902 2 10 5000 10 500 core         TTM-HOOI   4.605
[1] 4919  100   10   10 4919
[1] "Dim voc init: 4919"
[1]   10   10 4919
  |                                                                              |                                                                      |   0%  |                                                                              |=======================                                               |  33%  |                                                                              |===============================================                       |  67%  |                                                                              |======================================================================| 100%
[1] "Start VH"
[1] "Start Step 4"
[1] "Start VH"
[1] "Start Step 4"
[1] "Start VH"
[1] "Start Step 4"
[1] "here"
[1] "here"
[1] "Done with method TTM-HOSVD"
             error K Q1    R Q2   M mode           method    time
elapsed   4.909020 2 10 5000 10 500   A1         bayesian 363.473
elapsed1  4.777438 2 10 5000 10 500   A2         bayesian 363.473
elapsed2  1.296959 2 10 5000 10 500   A3         bayesian 363.473
elapsed3  2.751257 2 10 5000 10 500 core         bayesian 363.473
elapsed4  9.327848 2 10 5000 10 500   A1              NTD  20.177
elapsed5  8.347600 2 10 5000 10 500   A2              NTD  20.177
elapsed6  1.687461 2 10 5000 10 500   A3              NTD  20.177
elapsed7  1.415546 2 10 5000 10 500 core              NTD  20.177
elapsed8  7.167852 2 10 5000 10 500   A1 TopicScore-HOSVD   0.524
elapsed9  7.381617 2 10 5000 10 500   A2 TopicScore-HOSVD   0.524
elapsed10 1.358619 2 10 5000 10 500   A3 TopicScore-HOSVD   0.524
elapsed11 2.165667 2 10 5000 10 500 core TopicScore-HOSVD   0.524
elapsed12 2.796514 2 10 5000 10 500   A1         TTM-HOOI   4.605
elapsed13 7.400497 2 10 5000 10 500   A2         TTM-HOOI   4.605
elapsed14 1.387950 2 10 5000 10 500   A3         TTM-HOOI   4.605
elapsed15 2.888902 2 10 5000 10 500 core         TTM-HOOI   4.605
elapsed16 2.960191 2 10 5000 10 500   A1        TTM-HOSVD   0.415
elapsed17 6.876180 2 10 5000 10 500   A2        TTM-HOSVD   0.415
elapsed18 1.387950 2 10 5000 10 500   A3        TTM-HOSVD   0.415
elapsed19 2.888902 2 10 5000 10 500 core        TTM-HOSVD   0.415
[1] "R = 5000 Q1 = 10 Q2=10 K1 = 2 K2 = 2 K3= 2 M= 1000 seed = 11"
