My SLURM_ARRAY_TASK_ID:  10
My SLURM_ARRAY_JOB_ID:  23316935
name experiment is exp_K_10-5000-FALSE-23316935_10
[1] " result file; "
[1] "exp_K_10-5000-FALSE-23316935_10"
[1] 10
[1] "R = 5000 Q1 = 10 Q2=10 K1 = 2 K2 = 2 K3= 2 M= 500 seed = 10"
Chain 1: ------------------------------------------------------------
Chain 1: EXPERIMENTAL ALGORITHM:
Chain 1:   This procedure has not been thoroughly tested and may be unstable
Chain 1:   or buggy. The interface is subject to change.
Chain 1: ------------------------------------------------------------
Chain 1: 
Chain 1: 
Chain 1: 
Chain 1: Gradient evaluation took 0.120433 seconds
Chain 1: 1000 transitions using 10 leapfrog steps per transition would take 1204.33 seconds.
Chain 1: Adjust your expectations accordingly!
Chain 1: 
Chain 1: 
Chain 1: Begin eta adaptation.
Chain 1: Iteration:   1 / 250 [  0%]  (Adaptation)
Chain 1: Iteration:  50 / 250 [ 20%]  (Adaptation)
Chain 1: Iteration: 100 / 250 [ 40%]  (Adaptation)
Chain 1: Iteration: 150 / 250 [ 60%]  (Adaptation)
Chain 1: Iteration: 200 / 250 [ 80%]  (Adaptation)
Chain 1: Success! Found best value [eta = 1] earlier than expected.
Chain 1: 
Chain 1: Begin stochastic gradient ascent.
Chain 1:   iter             ELBO   delta_ELBO_mean   delta_ELBO_med   notes 
Chain 1:    100      -147355.142             1.000            1.000
Chain 1:    200      -145960.616             0.505            1.000
Chain 1:    300      -145586.810             0.337            0.010   MEDIAN ELBO CONVERGED
Chain 1: 
Chain 1: Drawing a sample of size 1000 from the approximate posterior... 
Chain 1: COMPLETED.
[1] "here"
[1] "here"
[1] "here"
[1] "Done with method bayesian"
            error K Q1    R Q2   M mode   method    time
elapsed  4.440719 2 10 5000 10 500   A1 bayesian 339.869
elapsed1 6.422845 2 10 5000 10 500   A2 bayesian 339.869
elapsed2 1.361892 2 10 5000 10 500   A3 bayesian 339.869
elapsed3 3.191202 2 10 5000 10 500 core bayesian 339.869
[1] "Done with method LDA"
            error K Q1    R Q2   M mode   method    time
elapsed  4.440719 2 10 5000 10 500   A1 bayesian 339.869
elapsed1 6.422845 2 10 5000 10 500   A2 bayesian 339.869
elapsed2 1.361892 2 10 5000 10 500   A3 bayesian 339.869
elapsed3 3.191202 2 10 5000 10 500 core bayesian 339.869
[1] "finish NTD"
[1] "here"
[1] "here"
[1] "Done with method NTD"
            error K Q1    R Q2   M mode   method    time
elapsed  4.440719 2 10 5000 10 500   A1 bayesian 339.869
elapsed1 6.422845 2 10 5000 10 500   A2 bayesian 339.869
elapsed2 1.361892 2 10 5000 10 500   A3 bayesian 339.869
elapsed3 3.191202 2 10 5000 10 500 core bayesian 339.869
elapsed4 8.151563 2 10 5000 10 500   A1      NTD  22.305
elapsed5 7.412850 2 10 5000 10 500   A2      NTD  22.305
elapsed6 1.544222 2 10 5000 10 500   A3      NTD  22.305
elapsed7 1.630244 2 10 5000 10 500 core      NTD  22.305
[1] 4925  100   10   10 4925
[1] "Dim voc init: 4925"
  |                                                                              |                                                                      |   0%  |                                                                              |=======================                                               |  33%  |                                                                              |===============================================                       |  67%  |                                                                              |======================================================================| 100%
[1] "Start VH"
[1] "Start Step 4"
[1] "Start VH"
[1] "Start Step 4"
[1] "Start VH"
[1] "Start Step 4"
[1] "here"
[1] "here"
[1] "Done with method TopicScore-HOSVD"
             error K Q1    R Q2   M mode           method    time
elapsed   4.440719 2 10 5000 10 500   A1         bayesian 339.869
elapsed1  6.422845 2 10 5000 10 500   A2         bayesian 339.869
elapsed2  1.361892 2 10 5000 10 500   A3         bayesian 339.869
elapsed3  3.191202 2 10 5000 10 500 core         bayesian 339.869
elapsed4  8.151563 2 10 5000 10 500   A1              NTD  22.305
elapsed5  7.412850 2 10 5000 10 500   A2              NTD  22.305
elapsed6  1.544222 2 10 5000 10 500   A3              NTD  22.305
elapsed7  1.630244 2 10 5000 10 500 core              NTD  22.305
elapsed8  7.967818 2 10 5000 10 500   A1 TopicScore-HOSVD   0.544
elapsed9  9.931735 2 10 5000 10 500   A2 TopicScore-HOSVD   0.544
elapsed10 1.369538 2 10 5000 10 500   A3 TopicScore-HOSVD   0.544
elapsed11 3.387896 2 10 5000 10 500 core TopicScore-HOSVD   0.544
[1] 4925  100   10   10 4925
[1] "Dim voc init: 4925"
[1]   10   10 4925
[1] "Start VH"
[1] "Start Step 4"
[1] "Start VH"
[1] "Start Step 4"
[1] "Start VH"
[1] "Start Step 4"
[1] "here"
[1] "here"
[1] "Done with method TTM-HOOI"
              error K Q1    R Q2   M mode           method    time
elapsed   4.4407189 2 10 5000 10 500   A1         bayesian 339.869
elapsed1  6.4228452 2 10 5000 10 500   A2         bayesian 339.869
elapsed2  1.3618919 2 10 5000 10 500   A3         bayesian 339.869
elapsed3  3.1912021 2 10 5000 10 500 core         bayesian 339.869
elapsed4  8.1515628 2 10 5000 10 500   A1              NTD  22.305
elapsed5  7.4128502 2 10 5000 10 500   A2              NTD  22.305
elapsed6  1.5442222 2 10 5000 10 500   A3              NTD  22.305
elapsed7  1.6302437 2 10 5000 10 500 core              NTD  22.305
elapsed8  7.9678178 2 10 5000 10 500   A1 TopicScore-HOSVD   0.544
elapsed9  9.9317350 2 10 5000 10 500   A2 TopicScore-HOSVD   0.544
elapsed10 1.3695382 2 10 5000 10 500   A3 TopicScore-HOSVD   0.544
elapsed11 3.3878960 2 10 5000 10 500 core TopicScore-HOSVD   0.544
elapsed12 4.7458429 2 10 5000 10 500   A1         TTM-HOOI   5.627
elapsed13 0.3010174 2 10 5000 10 500   A2         TTM-HOOI   5.627
elapsed14 1.3698817 2 10 5000 10 500   A3         TTM-HOOI   5.627
elapsed15 1.4914709 2 10 5000 10 500 core         TTM-HOOI   5.627
[1] 4925  100   10   10 4925
[1] "Dim voc init: 4925"
[1]   10   10 4925
  |                                                                              |                                                                      |   0%  |                                                                              |=======================                                               |  33%  |                                                                              |===============================================                       |  67%  |                                                                              |======================================================================| 100%
[1] "Start VH"
[1] "Start Step 4"
[1] "Start VH"
[1] "Start Step 4"
[1] "Start VH"
[1] "Start Step 4"
[1] "here"
[1] "here"
[1] "Done with method TTM-HOSVD"
              error K Q1    R Q2   M mode           method    time
elapsed   4.4407189 2 10 5000 10 500   A1         bayesian 339.869
elapsed1  6.4228452 2 10 5000 10 500   A2         bayesian 339.869
elapsed2  1.3618919 2 10 5000 10 500   A3         bayesian 339.869
elapsed3  3.1912021 2 10 5000 10 500 core         bayesian 339.869
elapsed4  8.1515628 2 10 5000 10 500   A1              NTD  22.305
elapsed5  7.4128502 2 10 5000 10 500   A2              NTD  22.305
elapsed6  1.5442222 2 10 5000 10 500   A3              NTD  22.305
elapsed7  1.6302437 2 10 5000 10 500 core              NTD  22.305
elapsed8  7.9678178 2 10 5000 10 500   A1 TopicScore-HOSVD   0.544
elapsed9  9.9317350 2 10 5000 10 500   A2 TopicScore-HOSVD   0.544
elapsed10 1.3695382 2 10 5000 10 500   A3 TopicScore-HOSVD   0.544
elapsed11 3.3878960 2 10 5000 10 500 core TopicScore-HOSVD   0.544
elapsed12 4.7458429 2 10 5000 10 500   A1         TTM-HOOI   5.627
elapsed13 0.3010174 2 10 5000 10 500   A2         TTM-HOOI   5.627
elapsed14 1.3698817 2 10 5000 10 500   A3         TTM-HOOI   5.627
elapsed15 1.4914709 2 10 5000 10 500 core         TTM-HOOI   5.627
elapsed16 5.7990131 2 10 5000 10 500   A1        TTM-HOSVD   0.463
elapsed17 0.3120690 2 10 5000 10 500   A2        TTM-HOSVD   0.463
elapsed18 1.3698817 2 10 5000 10 500   A3        TTM-HOSVD   0.463
elapsed19 1.4914709 2 10 5000 10 500 core        TTM-HOSVD   0.463
[1] "R = 5000 Q1 = 10 Q2=10 K1 = 2 K2 = 2 K3= 2 M= 1000 seed = 10"
