My SLURM_ARRAY_TASK_ID:  7
My SLURM_ARRAY_JOB_ID:  23316935
name experiment is exp_K_10-5000-FALSE-23316935_7
[1] " result file; "
[1] "exp_K_10-5000-FALSE-23316935_7"
[1] 7
[1] "R = 5000 Q1 = 10 Q2=10 K1 = 2 K2 = 2 K3= 2 M= 500 seed = 7"
Chain 1: ------------------------------------------------------------
Chain 1: EXPERIMENTAL ALGORITHM:
Chain 1:   This procedure has not been thoroughly tested and may be unstable
Chain 1:   or buggy. The interface is subject to change.
Chain 1: ------------------------------------------------------------
Chain 1: 
Chain 1: 
Chain 1: 
Chain 1: Gradient evaluation took 0.121679 seconds
Chain 1: 1000 transitions using 10 leapfrog steps per transition would take 1216.79 seconds.
Chain 1: Adjust your expectations accordingly!
Chain 1: 
Chain 1: 
Chain 1: Begin eta adaptation.
Chain 1: Iteration:   1 / 250 [  0%]  (Adaptation)
Chain 1: Iteration:  50 / 250 [ 20%]  (Adaptation)
Chain 1: Iteration: 100 / 250 [ 40%]  (Adaptation)
Chain 1: Iteration: 150 / 250 [ 60%]  (Adaptation)
Chain 1: Iteration: 200 / 250 [ 80%]  (Adaptation)
Chain 1: Success! Found best value [eta = 1] earlier than expected.
Chain 1: 
Chain 1: Begin stochastic gradient ascent.
Chain 1:   iter             ELBO   delta_ELBO_mean   delta_ELBO_med   notes 
Chain 1:    100      -147421.775             1.000            1.000
Chain 1:    200      -146349.229             0.504            1.000
Chain 1:    300      -146215.358             0.336            0.007   MEDIAN ELBO CONVERGED
Chain 1: 
Chain 1: Drawing a sample of size 1000 from the approximate posterior... 
Chain 1: COMPLETED.
[1] "here"
[1] "here"
[1] "here"
[1] "Done with method bayesian"
            error K Q1    R Q2   M mode   method    time
elapsed  6.031674 2 10 5000 10 500   A1 bayesian 338.832
elapsed1 2.909953 2 10 5000 10 500   A2 bayesian 338.832
elapsed2 1.240699 2 10 5000 10 500   A3 bayesian 338.832
elapsed3 1.707879 2 10 5000 10 500 core bayesian 338.832
[1] "Done with method LDA"
            error K Q1    R Q2   M mode   method    time
elapsed  6.031674 2 10 5000 10 500   A1 bayesian 338.832
elapsed1 2.909953 2 10 5000 10 500   A2 bayesian 338.832
elapsed2 1.240699 2 10 5000 10 500   A3 bayesian 338.832
elapsed3 1.707879 2 10 5000 10 500 core bayesian 338.832
[1] "finish NTD"
[1] "here"
[1] "here"
[1] "Done with method NTD"
            error K Q1    R Q2   M mode   method    time
elapsed  6.031674 2 10 5000 10 500   A1 bayesian 338.832
elapsed1 2.909953 2 10 5000 10 500   A2 bayesian 338.832
elapsed2 1.240699 2 10 5000 10 500   A3 bayesian 338.832
elapsed3 1.707879 2 10 5000 10 500 core bayesian 338.832
elapsed4 6.788305 2 10 5000 10 500   A1      NTD  22.160
elapsed5 7.312783 2 10 5000 10 500   A2      NTD  22.160
elapsed6 1.698556 2 10 5000 10 500   A3      NTD  22.160
elapsed7 1.092350 2 10 5000 10 500 core      NTD  22.160
[1] 4926  100   10   10 4926
[1] "Dim voc init: 4926"
  |                                                                              |                                                                      |   0%  |                                                                              |=======================                                               |  33%  |                                                                              |===============================================                       |  67%  |                                                                              |======================================================================| 100%
[1] "Start VH"
[1] "Start Step 4"
[1] "Start VH"
[1] "Start Step 4"
[1] "Start VH"
[1] "Start Step 4"
[1] "here"
[1] "here"
[1] "Done with method TopicScore-HOSVD"
             error K Q1    R Q2   M mode           method    time
elapsed   6.031674 2 10 5000 10 500   A1         bayesian 338.832
elapsed1  2.909953 2 10 5000 10 500   A2         bayesian 338.832
elapsed2  1.240699 2 10 5000 10 500   A3         bayesian 338.832
elapsed3  1.707879 2 10 5000 10 500 core         bayesian 338.832
elapsed4  6.788305 2 10 5000 10 500   A1              NTD  22.160
elapsed5  7.312783 2 10 5000 10 500   A2              NTD  22.160
elapsed6  1.698556 2 10 5000 10 500   A3              NTD  22.160
elapsed7  1.092350 2 10 5000 10 500 core              NTD  22.160
elapsed8  8.934772 2 10 5000 10 500   A1 TopicScore-HOSVD   0.549
elapsed9  7.674266 2 10 5000 10 500   A2 TopicScore-HOSVD   0.549
elapsed10 1.371331 2 10 5000 10 500   A3 TopicScore-HOSVD   0.549
elapsed11 1.250494 2 10 5000 10 500 core TopicScore-HOSVD   0.549
[1] 4926  100   10   10 4926
[1] "Dim voc init: 4926"
[1]   10   10 4926
[1] "Start VH"
[1] "Start Step 4"
[1] "Start VH"
[1] "Start Step 4"
[1] "Start VH"
[1] "Start Step 4"
[1] "here"
[1] "here"
[1] "Done with method TTM-HOOI"
             error K Q1    R Q2   M mode           method    time
elapsed   6.031674 2 10 5000 10 500   A1         bayesian 338.832
elapsed1  2.909953 2 10 5000 10 500   A2         bayesian 338.832
elapsed2  1.240699 2 10 5000 10 500   A3         bayesian 338.832
elapsed3  1.707879 2 10 5000 10 500 core         bayesian 338.832
elapsed4  6.788305 2 10 5000 10 500   A1              NTD  22.160
elapsed5  7.312783 2 10 5000 10 500   A2              NTD  22.160
elapsed6  1.698556 2 10 5000 10 500   A3              NTD  22.160
elapsed7  1.092350 2 10 5000 10 500 core              NTD  22.160
elapsed8  8.934772 2 10 5000 10 500   A1 TopicScore-HOSVD   0.549
elapsed9  7.674266 2 10 5000 10 500   A2 TopicScore-HOSVD   0.549
elapsed10 1.371331 2 10 5000 10 500   A3 TopicScore-HOSVD   0.549
elapsed11 1.250494 2 10 5000 10 500 core TopicScore-HOSVD   0.549
elapsed12 2.757510 2 10 5000 10 500   A1         TTM-HOOI   7.594
elapsed13 1.183119 2 10 5000 10 500   A2         TTM-HOOI   7.594
elapsed14 1.398228 2 10 5000 10 500   A3         TTM-HOOI   7.594
elapsed15 2.250367 2 10 5000 10 500 core         TTM-HOOI   7.594
[1] 4926  100   10   10 4926
[1] "Dim voc init: 4926"
[1]   10   10 4926
  |                                                                              |                                                                      |   0%  |                                                                              |=======================                                               |  33%  |                                                                              |===============================================                       |  67%  |                                                                              |======================================================================| 100%
[1] "Start VH"
[1] "Start Step 4"
[1] "Start VH"
[1] "Start Step 4"
[1] "Start VH"
[1] "Start Step 4"
[1] "here"
[1] "here"
[1] "Done with method TTM-HOSVD"
             error K Q1    R Q2   M mode           method    time
elapsed   6.031674 2 10 5000 10 500   A1         bayesian 338.832
elapsed1  2.909953 2 10 5000 10 500   A2         bayesian 338.832
elapsed2  1.240699 2 10 5000 10 500   A3         bayesian 338.832
elapsed3  1.707879 2 10 5000 10 500 core         bayesian 338.832
elapsed4  6.788305 2 10 5000 10 500   A1              NTD  22.160
elapsed5  7.312783 2 10 5000 10 500   A2              NTD  22.160
elapsed6  1.698556 2 10 5000 10 500   A3              NTD  22.160
elapsed7  1.092350 2 10 5000 10 500 core              NTD  22.160
elapsed8  8.934772 2 10 5000 10 500   A1 TopicScore-HOSVD   0.549
elapsed9  7.674266 2 10 5000 10 500   A2 TopicScore-HOSVD   0.549
elapsed10 1.371331 2 10 5000 10 500   A3 TopicScore-HOSVD   0.549
elapsed11 1.250494 2 10 5000 10 500 core TopicScore-HOSVD   0.549
elapsed12 2.757510 2 10 5000 10 500   A1         TTM-HOOI   7.594
elapsed13 1.183119 2 10 5000 10 500   A2         TTM-HOOI   7.594
elapsed14 1.398228 2 10 5000 10 500   A3         TTM-HOOI   7.594
elapsed15 2.250367 2 10 5000 10 500 core         TTM-HOOI   7.594
elapsed16 2.842318 2 10 5000 10 500   A1        TTM-HOSVD   0.458
elapsed17 2.174338 2 10 5000 10 500   A2        TTM-HOSVD   0.458
elapsed18 1.398228 2 10 5000 10 500   A3        TTM-HOSVD   0.458
elapsed19 2.633396 2 10 5000 10 500 core        TTM-HOSVD   0.458
[1] "R = 5000 Q1 = 10 Q2=10 K1 = 2 K2 = 2 K3= 2 M= 1000 seed = 7"
