My SLURM_ARRAY_TASK_ID:  18
My SLURM_ARRAY_JOB_ID:  23316935
name experiment is exp_K_10-5000-FALSE-23316935_18
[1] " result file; "
[1] "exp_K_10-5000-FALSE-23316935_18"
[1] 18
[1] "R = 5000 Q1 = 10 Q2=10 K1 = 2 K2 = 2 K3= 2 M= 500 seed = 18"
Chain 1: ------------------------------------------------------------
Chain 1: EXPERIMENTAL ALGORITHM:
Chain 1:   This procedure has not been thoroughly tested and may be unstable
Chain 1:   or buggy. The interface is subject to change.
Chain 1: ------------------------------------------------------------
Chain 1: 
Chain 1: 
Chain 1: 
Chain 1: Gradient evaluation took 0.118276 seconds
Chain 1: 1000 transitions using 10 leapfrog steps per transition would take 1182.76 seconds.
Chain 1: Adjust your expectations accordingly!
Chain 1: 
Chain 1: 
Chain 1: Begin eta adaptation.
Chain 1: Iteration:   1 / 250 [  0%]  (Adaptation)
Chain 1: Iteration:  50 / 250 [ 20%]  (Adaptation)
Chain 1: Iteration: 100 / 250 [ 40%]  (Adaptation)
Chain 1: Iteration: 150 / 250 [ 60%]  (Adaptation)
Chain 1: Iteration: 200 / 250 [ 80%]  (Adaptation)
Chain 1: Success! Found best value [eta = 1] earlier than expected.
Chain 1: 
Chain 1: Begin stochastic gradient ascent.
Chain 1:   iter             ELBO   delta_ELBO_mean   delta_ELBO_med   notes 
Chain 1:    100      -147784.790             1.000            1.000
Chain 1:    200      -146771.639             0.503            1.000
Chain 1:    300      -145757.730             0.338            0.007   MEDIAN ELBO CONVERGED
Chain 1: 
Chain 1: Drawing a sample of size 1000 from the approximate posterior... 
Chain 1: COMPLETED.
[1] "here"
[1] "here"
[1] "here"
[1] "Done with method bayesian"
            error K Q1    R Q2   M mode   method    time
elapsed  8.383987 2 10 5000 10 500   A1 bayesian 338.301
elapsed1 6.588254 2 10 5000 10 500   A2 bayesian 338.301
elapsed2 1.377580 2 10 5000 10 500   A3 bayesian 338.301
elapsed3 4.726730 2 10 5000 10 500 core bayesian 338.301
[1] "Done with method LDA"
            error K Q1    R Q2   M mode   method    time
elapsed  8.383987 2 10 5000 10 500   A1 bayesian 338.301
elapsed1 6.588254 2 10 5000 10 500   A2 bayesian 338.301
elapsed2 1.377580 2 10 5000 10 500   A3 bayesian 338.301
elapsed3 4.726730 2 10 5000 10 500 core bayesian 338.301
[1] "finish NTD"
[1] "here"
[1] "here"
[1] "Done with method NTD"
            error K Q1    R Q2   M mode   method    time
elapsed  8.383987 2 10 5000 10 500   A1 bayesian 338.301
elapsed1 6.588254 2 10 5000 10 500   A2 bayesian 338.301
elapsed2 1.377580 2 10 5000 10 500   A3 bayesian 338.301
elapsed3 4.726730 2 10 5000 10 500 core bayesian 338.301
elapsed4 9.015094 2 10 5000 10 500   A1      NTD  22.173
elapsed5 6.669996 2 10 5000 10 500   A2      NTD  22.173
elapsed6 1.635077 2 10 5000 10 500   A3      NTD  22.173
elapsed7 1.394460 2 10 5000 10 500 core      NTD  22.173
[1] 4934  100   10   10 4934
[1] "Dim voc init: 4934"
  |                                                                              |                                                                      |   0%  |                                                                              |=======================                                               |  33%  |                                                                              |===============================================                       |  67%  |                                                                              |======================================================================| 100%
[1] "Start VH"
[1] "Start Step 4"
[1] "Start VH"
[1] "Start Step 4"
[1] "Start VH"
[1] "Start Step 4"
[1] "here"
[1] "here"
[1] "Done with method TopicScore-HOSVD"
             error K Q1    R Q2   M mode           method    time
elapsed   8.383987 2 10 5000 10 500   A1         bayesian 338.301
elapsed1  6.588254 2 10 5000 10 500   A2         bayesian 338.301
elapsed2  1.377580 2 10 5000 10 500   A3         bayesian 338.301
elapsed3  4.726730 2 10 5000 10 500 core         bayesian 338.301
elapsed4  9.015094 2 10 5000 10 500   A1              NTD  22.173
elapsed5  6.669996 2 10 5000 10 500   A2              NTD  22.173
elapsed6  1.635077 2 10 5000 10 500   A3              NTD  22.173
elapsed7  1.394460 2 10 5000 10 500 core              NTD  22.173
elapsed8  3.828562 2 10 5000 10 500   A1 TopicScore-HOSVD   0.547
elapsed9  9.643317 2 10 5000 10 500   A2 TopicScore-HOSVD   0.547
elapsed10 1.370083 2 10 5000 10 500   A3 TopicScore-HOSVD   0.547
elapsed11 3.611783 2 10 5000 10 500 core TopicScore-HOSVD   0.547
[1] 4934  100   10   10 4934
[1] "Dim voc init: 4934"
[1]   10   10 4934
[1] "Start VH"
[1] "Start Step 4"
[1] "Start VH"
[1] "Start Step 4"
[1] "Start VH"
[1] "Start Step 4"
[1] "here"
[1] "here"
[1] "Done with method TTM-HOOI"
             error K Q1    R Q2   M mode           method    time
elapsed   8.383987 2 10 5000 10 500   A1         bayesian 338.301
elapsed1  6.588254 2 10 5000 10 500   A2         bayesian 338.301
elapsed2  1.377580 2 10 5000 10 500   A3         bayesian 338.301
elapsed3  4.726730 2 10 5000 10 500 core         bayesian 338.301
elapsed4  9.015094 2 10 5000 10 500   A1              NTD  22.173
elapsed5  6.669996 2 10 5000 10 500   A2              NTD  22.173
elapsed6  1.635077 2 10 5000 10 500   A3              NTD  22.173
elapsed7  1.394460 2 10 5000 10 500 core              NTD  22.173
elapsed8  3.828562 2 10 5000 10 500   A1 TopicScore-HOSVD   0.547
elapsed9  9.643317 2 10 5000 10 500   A2 TopicScore-HOSVD   0.547
elapsed10 1.370083 2 10 5000 10 500   A3 TopicScore-HOSVD   0.547
elapsed11 3.611783 2 10 5000 10 500 core TopicScore-HOSVD   0.547
elapsed12 1.803922 2 10 5000 10 500   A1         TTM-HOOI   3.798
elapsed13 4.781655 2 10 5000 10 500   A2         TTM-HOOI   3.798
elapsed14 1.367249 2 10 5000 10 500   A3         TTM-HOOI   3.798
elapsed15 2.699976 2 10 5000 10 500 core         TTM-HOOI   3.798
[1] 4934  100   10   10 4934
[1] "Dim voc init: 4934"
[1]   10   10 4934
  |                                                                              |                                                                      |   0%  |                                                                              |=======================                                               |  33%  |                                                                              |===============================================                       |  67%  |                                                                              |======================================================================| 100%
[1] "Start VH"
[1] "Start Step 4"
[1] "Start VH"
[1] "Start Step 4"
[1] "Start VH"
[1] "Start Step 4"
[1] "here"
[1] "here"
[1] "Done with method TTM-HOSVD"
             error K Q1    R Q2   M mode           method    time
elapsed   8.383987 2 10 5000 10 500   A1         bayesian 338.301
elapsed1  6.588254 2 10 5000 10 500   A2         bayesian 338.301
elapsed2  1.377580 2 10 5000 10 500   A3         bayesian 338.301
elapsed3  4.726730 2 10 5000 10 500 core         bayesian 338.301
elapsed4  9.015094 2 10 5000 10 500   A1              NTD  22.173
elapsed5  6.669996 2 10 5000 10 500   A2              NTD  22.173
elapsed6  1.635077 2 10 5000 10 500   A3              NTD  22.173
elapsed7  1.394460 2 10 5000 10 500 core              NTD  22.173
elapsed8  3.828562 2 10 5000 10 500   A1 TopicScore-HOSVD   0.547
elapsed9  9.643317 2 10 5000 10 500   A2 TopicScore-HOSVD   0.547
elapsed10 1.370083 2 10 5000 10 500   A3 TopicScore-HOSVD   0.547
elapsed11 3.611783 2 10 5000 10 500 core TopicScore-HOSVD   0.547
elapsed12 1.803922 2 10 5000 10 500   A1         TTM-HOOI   3.798
elapsed13 4.781655 2 10 5000 10 500   A2         TTM-HOOI   3.798
elapsed14 1.367249 2 10 5000 10 500   A3         TTM-HOOI   3.798
elapsed15 2.699976 2 10 5000 10 500 core         TTM-HOOI   3.798
elapsed16 1.640588 2 10 5000 10 500   A1        TTM-HOSVD   0.457
elapsed17 4.522092 2 10 5000 10 500   A2        TTM-HOSVD   0.457
elapsed18 1.367249 2 10 5000 10 500   A3        TTM-HOSVD   0.457
elapsed19 2.699976 2 10 5000 10 500 core        TTM-HOSVD   0.457
[1] "R = 5000 Q1 = 10 Q2=10 K1 = 2 K2 = 2 K3= 2 M= 1000 seed = 18"
