My SLURM_ARRAY_TASK_ID:  1
My SLURM_ARRAY_JOB_ID:  23316935
name experiment is exp_K_10-5000-FALSE-23316935_1
[1] " result file; "
[1] "exp_K_10-5000-FALSE-23316935_1"
[1] 1
[1] "R = 5000 Q1 = 10 Q2=10 K1 = 2 K2 = 2 K3= 2 M= 500 seed = 1"
Chain 1: ------------------------------------------------------------
Chain 1: EXPERIMENTAL ALGORITHM:
Chain 1:   This procedure has not been thoroughly tested and may be unstable
Chain 1:   or buggy. The interface is subject to change.
Chain 1: ------------------------------------------------------------
Chain 1: 
Chain 1: 
Chain 1: 
Chain 1: Gradient evaluation took 0.118897 seconds
Chain 1: 1000 transitions using 10 leapfrog steps per transition would take 1188.97 seconds.
Chain 1: Adjust your expectations accordingly!
Chain 1: 
Chain 1: 
Chain 1: Begin eta adaptation.
Chain 1: Iteration:   1 / 250 [  0%]  (Adaptation)
Chain 1: Iteration:  50 / 250 [ 20%]  (Adaptation)
Chain 1: Iteration: 100 / 250 [ 40%]  (Adaptation)
Chain 1: Iteration: 150 / 250 [ 60%]  (Adaptation)
Chain 1: Iteration: 200 / 250 [ 80%]  (Adaptation)
Chain 1: Success! Found best value [eta = 1] earlier than expected.
Chain 1: 
Chain 1: Begin stochastic gradient ascent.
Chain 1:   iter             ELBO   delta_ELBO_mean   delta_ELBO_med   notes 
Chain 1:    100      -146119.909             1.000            1.000
Chain 1:    200      -144410.069             0.506            1.000
Chain 1:    300      -144293.509             0.338            0.012
Chain 1:    400      -144217.715             0.253            0.012
Chain 1:    500      -144174.527             0.203            0.001   MEDIAN ELBO CONVERGED
Chain 1: 
Chain 1: Drawing a sample of size 1000 from the approximate posterior... 
Chain 1: COMPLETED.
[1] "here"
[1] "here"
[1] "here"
[1] "Done with method bayesian"
            error K Q1    R Q2   M mode   method    time
elapsed  4.418171 2 10 5000 10 500   A1 bayesian 368.252
elapsed1 4.827442 2 10 5000 10 500   A2 bayesian 368.252
elapsed2 1.302531 2 10 5000 10 500   A3 bayesian 368.252
elapsed3 1.953795 2 10 5000 10 500 core bayesian 368.252
[1] "Done with method LDA"
            error K Q1    R Q2   M mode   method    time
elapsed  4.418171 2 10 5000 10 500   A1 bayesian 368.252
elapsed1 4.827442 2 10 5000 10 500   A2 bayesian 368.252
elapsed2 1.302531 2 10 5000 10 500   A3 bayesian 368.252
elapsed3 1.953795 2 10 5000 10 500 core bayesian 368.252
