My SLURM_ARRAY_TASK_ID:  22
My SLURM_ARRAY_JOB_ID:  23316935
name experiment is exp_K_10-5000-FALSE-23316935_22
[1] " result file; "
[1] "exp_K_10-5000-FALSE-23316935_22"
[1] 22
[1] "R = 5000 Q1 = 10 Q2=10 K1 = 2 K2 = 2 K3= 2 M= 500 seed = 22"
Chain 1: ------------------------------------------------------------
Chain 1: EXPERIMENTAL ALGORITHM:
Chain 1:   This procedure has not been thoroughly tested and may be unstable
Chain 1:   or buggy. The interface is subject to change.
Chain 1: ------------------------------------------------------------
Chain 1: 
Chain 1: 
Chain 1: 
Chain 1: Gradient evaluation took 0.120178 seconds
Chain 1: 1000 transitions using 10 leapfrog steps per transition would take 1201.78 seconds.
Chain 1: Adjust your expectations accordingly!
Chain 1: 
Chain 1: 
Chain 1: Begin eta adaptation.
Chain 1: Iteration:   1 / 250 [  0%]  (Adaptation)
Chain 1: Iteration:  50 / 250 [ 20%]  (Adaptation)
Chain 1: Iteration: 100 / 250 [ 40%]  (Adaptation)
Chain 1: Iteration: 150 / 250 [ 60%]  (Adaptation)
Chain 1: Iteration: 200 / 250 [ 80%]  (Adaptation)
Chain 1: Success! Found best value [eta = 1] earlier than expected.
Chain 1: 
Chain 1: Begin stochastic gradient ascent.
Chain 1:   iter             ELBO   delta_ELBO_mean   delta_ELBO_med   notes 
Chain 1:    100      -148137.104             1.000            1.000
Chain 1:    200      -147412.618             0.502            1.000
Chain 1:    300      -145766.774             0.339            0.011
Chain 1:    400      -145620.816             0.254            0.011
Chain 1:    500      -145564.539             0.204            0.005   MEDIAN ELBO CONVERGED
Chain 1: 
Chain 1: Drawing a sample of size 1000 from the approximate posterior... 
Chain 1: COMPLETED.
[1] "here"
[1] "here"
[1] "here"
[1] "Done with method bayesian"
            error K Q1    R Q2   M mode   method    time
elapsed  6.204710 2 10 5000 10 500   A1 bayesian 367.105
elapsed1 5.689156 2 10 5000 10 500   A2 bayesian 367.105
elapsed2 1.300004 2 10 5000 10 500   A3 bayesian 367.105
elapsed3 2.609177 2 10 5000 10 500 core bayesian 367.105
[1] "Done with method LDA"
            error K Q1    R Q2   M mode   method    time
elapsed  6.204710 2 10 5000 10 500   A1 bayesian 367.105
elapsed1 5.689156 2 10 5000 10 500   A2 bayesian 367.105
elapsed2 1.300004 2 10 5000 10 500   A3 bayesian 367.105
elapsed3 2.609177 2 10 5000 10 500 core bayesian 367.105
