My SLURM_ARRAY_TASK_ID:  8
My SLURM_ARRAY_JOB_ID:  23316935
name experiment is exp_K_10-5000-FALSE-23316935_8
[1] " result file; "
[1] "exp_K_10-5000-FALSE-23316935_8"
[1] 8
[1] "R = 5000 Q1 = 10 Q2=10 K1 = 2 K2 = 2 K3= 2 M= 500 seed = 8"
Chain 1: ------------------------------------------------------------
Chain 1: EXPERIMENTAL ALGORITHM:
Chain 1:   This procedure has not been thoroughly tested and may be unstable
Chain 1:   or buggy. The interface is subject to change.
Chain 1: ------------------------------------------------------------
Chain 1: 
Chain 1: 
Chain 1: 
Chain 1: Gradient evaluation took 0.116277 seconds
Chain 1: 1000 transitions using 10 leapfrog steps per transition would take 1162.77 seconds.
Chain 1: Adjust your expectations accordingly!
Chain 1: 
Chain 1: 
Chain 1: Begin eta adaptation.
Chain 1: Iteration:   1 / 250 [  0%]  (Adaptation)
Chain 1: Iteration:  50 / 250 [ 20%]  (Adaptation)
Chain 1: Iteration: 100 / 250 [ 40%]  (Adaptation)
Chain 1: Iteration: 150 / 250 [ 60%]  (Adaptation)
Chain 1: Iteration: 200 / 250 [ 80%]  (Adaptation)
Chain 1: Success! Found best value [eta = 1] earlier than expected.
Chain 1: 
Chain 1: Begin stochastic gradient ascent.
Chain 1:   iter             ELBO   delta_ELBO_mean   delta_ELBO_med   notes 
Chain 1:    100      -147485.639             1.000            1.000
Chain 1:    200      -147061.693             0.501            1.000
Chain 1:    300      -146857.048             0.335            0.003   MEDIAN ELBO CONVERGED
Chain 1: 
Chain 1: Drawing a sample of size 1000 from the approximate posterior... 
Chain 1: COMPLETED.
[1] "here"
[1] "here"
[1] "here"
[1] "Done with method bayesian"
            error K Q1    R Q2   M mode   method    time
elapsed  6.774184 2 10 5000 10 500   A1 bayesian 336.519
elapsed1 2.662196 2 10 5000 10 500   A2 bayesian 336.519
elapsed2 1.342809 2 10 5000 10 500   A3 bayesian 336.519
elapsed3 2.383082 2 10 5000 10 500 core bayesian 336.519
[1] "Done with method LDA"
            error K Q1    R Q2   M mode   method    time
elapsed  6.774184 2 10 5000 10 500   A1 bayesian 336.519
elapsed1 2.662196 2 10 5000 10 500   A2 bayesian 336.519
elapsed2 1.342809 2 10 5000 10 500   A3 bayesian 336.519
elapsed3 2.383082 2 10 5000 10 500 core bayesian 336.519
[1] "finish NTD"
[1] "here"
[1] "here"
[1] "Done with method NTD"
            error K Q1    R Q2   M mode   method    time
elapsed  6.774184 2 10 5000 10 500   A1 bayesian 336.519
elapsed1 2.662196 2 10 5000 10 500   A2 bayesian 336.519
elapsed2 1.342809 2 10 5000 10 500   A3 bayesian 336.519
elapsed3 2.383082 2 10 5000 10 500 core bayesian 336.519
elapsed4 8.777183 2 10 5000 10 500   A1      NTD  22.354
elapsed5 9.402278 2 10 5000 10 500   A2      NTD  22.354
elapsed6 1.652640 2 10 5000 10 500   A3      NTD  22.354
elapsed7 1.719944 2 10 5000 10 500 core      NTD  22.354
[1] 4923  100   10   10 4923
[1] "Dim voc init: 4923"
  |                                                                              |                                                                      |   0%  |                                                                              |=======================                                               |  33%  |                                                                              |===============================================                       |  67%  |                                                                              |======================================================================| 100%
[1] "Start VH"
[1] "Start Step 4"
[1] "Start VH"
[1] "Start Step 4"
[1] "Start VH"
[1] "Start Step 4"
[1] "here"
[1] "here"
[1] "Done with method TopicScore-HOSVD"
             error K Q1    R Q2   M mode           method    time
elapsed   6.774184 2 10 5000 10 500   A1         bayesian 336.519
elapsed1  2.662196 2 10 5000 10 500   A2         bayesian 336.519
elapsed2  1.342809 2 10 5000 10 500   A3         bayesian 336.519
elapsed3  2.383082 2 10 5000 10 500 core         bayesian 336.519
elapsed4  8.777183 2 10 5000 10 500   A1              NTD  22.354
elapsed5  9.402278 2 10 5000 10 500   A2              NTD  22.354
elapsed6  1.652640 2 10 5000 10 500   A3              NTD  22.354
elapsed7  1.719944 2 10 5000 10 500 core              NTD  22.354
elapsed8  4.470068 2 10 5000 10 500   A1 TopicScore-HOSVD   0.558
elapsed9  9.950584 2 10 5000 10 500   A2 TopicScore-HOSVD   0.558
elapsed10 1.376688 2 10 5000 10 500   A3 TopicScore-HOSVD   0.558
elapsed11 2.665047 2 10 5000 10 500 core TopicScore-HOSVD   0.558
[1] 4923  100   10   10 4923
[1] "Dim voc init: 4923"
[1]   10   10 4923
[1] "Start VH"
[1] "Start Step 4"
[1] "Start VH"
[1] "Start Step 4"
[1] "Start VH"
[1] "Start Step 4"
[1] "here"
[1] "here"
[1] "Done with method TTM-HOOI"
             error K Q1    R Q2   M mode           method    time
elapsed   6.774184 2 10 5000 10 500   A1         bayesian 336.519
elapsed1  2.662196 2 10 5000 10 500   A2         bayesian 336.519
elapsed2  1.342809 2 10 5000 10 500   A3         bayesian 336.519
elapsed3  2.383082 2 10 5000 10 500 core         bayesian 336.519
elapsed4  8.777183 2 10 5000 10 500   A1              NTD  22.354
elapsed5  9.402278 2 10 5000 10 500   A2              NTD  22.354
elapsed6  1.652640 2 10 5000 10 500   A3              NTD  22.354
elapsed7  1.719944 2 10 5000 10 500 core              NTD  22.354
elapsed8  4.470068 2 10 5000 10 500   A1 TopicScore-HOSVD   0.558
elapsed9  9.950584 2 10 5000 10 500   A2 TopicScore-HOSVD   0.558
elapsed10 1.376688 2 10 5000 10 500   A3 TopicScore-HOSVD   0.558
elapsed11 2.665047 2 10 5000 10 500 core TopicScore-HOSVD   0.558
elapsed12 1.581390 2 10 5000 10 500   A1         TTM-HOOI   5.930
elapsed13 1.351376 2 10 5000 10 500   A2         TTM-HOOI   5.930
elapsed14 1.391846 2 10 5000 10 500   A3         TTM-HOOI   5.930
elapsed15 2.203643 2 10 5000 10 500 core         TTM-HOOI   5.930
[1] 4923  100   10   10 4923
[1] "Dim voc init: 4923"
[1]   10   10 4923
  |                                                                              |                                                                      |   0%  |                                                                              |=======================                                               |  33%  |                                                                              |===============================================                       |  67%  |                                                                              |======================================================================| 100%
[1] "Start VH"
[1] "Start Step 4"
[1] "Start VH"
[1] "Start Step 4"
[1] "Start VH"
[1] "Start Step 4"
[1] "here"
[1] "here"
[1] "Done with method TTM-HOSVD"
             error K Q1    R Q2   M mode           method    time
elapsed   6.774184 2 10 5000 10 500   A1         bayesian 336.519
elapsed1  2.662196 2 10 5000 10 500   A2         bayesian 336.519
elapsed2  1.342809 2 10 5000 10 500   A3         bayesian 336.519
elapsed3  2.383082 2 10 5000 10 500 core         bayesian 336.519
elapsed4  8.777183 2 10 5000 10 500   A1              NTD  22.354
elapsed5  9.402278 2 10 5000 10 500   A2              NTD  22.354
elapsed6  1.652640 2 10 5000 10 500   A3              NTD  22.354
elapsed7  1.719944 2 10 5000 10 500 core              NTD  22.354
elapsed8  4.470068 2 10 5000 10 500   A1 TopicScore-HOSVD   0.558
elapsed9  9.950584 2 10 5000 10 500   A2 TopicScore-HOSVD   0.558
elapsed10 1.376688 2 10 5000 10 500   A3 TopicScore-HOSVD   0.558
elapsed11 2.665047 2 10 5000 10 500 core TopicScore-HOSVD   0.558
elapsed12 1.581390 2 10 5000 10 500   A1         TTM-HOOI   5.930
elapsed13 1.351376 2 10 5000 10 500   A2         TTM-HOOI   5.930
elapsed14 1.391846 2 10 5000 10 500   A3         TTM-HOOI   5.930
elapsed15 2.203643 2 10 5000 10 500 core         TTM-HOOI   5.930
elapsed16 1.488181 2 10 5000 10 500   A1        TTM-HOSVD   0.456
elapsed17 1.569896 2 10 5000 10 500   A2        TTM-HOSVD   0.456
elapsed18 1.391846 2 10 5000 10 500   A3        TTM-HOSVD   0.456
elapsed19 1.997907 2 10 5000 10 500 core        TTM-HOSVD   0.456
[1] "R = 5000 Q1 = 10 Q2=10 K1 = 2 K2 = 2 K3= 2 M= 1000 seed = 8"
