My SLURM_ARRAY_TASK_ID:  21
My SLURM_ARRAY_JOB_ID:  23316935
name experiment is exp_K_10-5000-FALSE-23316935_21
[1] " result file; "
[1] "exp_K_10-5000-FALSE-23316935_21"
[1] 21
[1] "R = 5000 Q1 = 10 Q2=10 K1 = 2 K2 = 2 K3= 2 M= 500 seed = 21"
Chain 1: ------------------------------------------------------------
Chain 1: EXPERIMENTAL ALGORITHM:
Chain 1:   This procedure has not been thoroughly tested and may be unstable
Chain 1:   or buggy. The interface is subject to change.
Chain 1: ------------------------------------------------------------
Chain 1: 
Chain 1: 
Chain 1: 
Chain 1: Gradient evaluation took 0.11695 seconds
Chain 1: 1000 transitions using 10 leapfrog steps per transition would take 1169.5 seconds.
Chain 1: Adjust your expectations accordingly!
Chain 1: 
Chain 1: 
Chain 1: Begin eta adaptation.
Chain 1: Iteration:   1 / 250 [  0%]  (Adaptation)
Chain 1: Iteration:  50 / 250 [ 20%]  (Adaptation)
Chain 1: Iteration: 100 / 250 [ 40%]  (Adaptation)
Chain 1: Iteration: 150 / 250 [ 60%]  (Adaptation)
Chain 1: Iteration: 200 / 250 [ 80%]  (Adaptation)
Chain 1: Success! Found best value [eta = 1] earlier than expected.
Chain 1: 
Chain 1: Begin stochastic gradient ascent.
Chain 1:   iter             ELBO   delta_ELBO_mean   delta_ELBO_med   notes 
Chain 1:    100      -146162.312             1.000            1.000
Chain 1:    200      -145705.681             0.502            1.000
Chain 1:    300      -145564.434             0.335            0.003   MEDIAN ELBO CONVERGED
Chain 1: 
Chain 1: Drawing a sample of size 1000 from the approximate posterior... 
Chain 1: COMPLETED.
[1] "here"
[1] "here"
[1] "here"
[1] "Done with method bayesian"
            error K Q1    R Q2   M mode   method    time
elapsed  4.883485 2 10 5000 10 500   A1 bayesian 331.215
elapsed1 4.963643 2 10 5000 10 500   A2 bayesian 331.215
elapsed2 1.341862 2 10 5000 10 500   A3 bayesian 331.215
elapsed3 3.875430 2 10 5000 10 500 core bayesian 331.215
[1] "Done with method LDA"
            error K Q1    R Q2   M mode   method    time
elapsed  4.883485 2 10 5000 10 500   A1 bayesian 331.215
elapsed1 4.963643 2 10 5000 10 500   A2 bayesian 331.215
elapsed2 1.341862 2 10 5000 10 500   A3 bayesian 331.215
elapsed3 3.875430 2 10 5000 10 500 core bayesian 331.215
[1] "finish NTD"
[1] "here"
[1] "here"
[1] "Done with method NTD"
            error K Q1    R Q2   M mode   method    time
elapsed  4.883485 2 10 5000 10 500   A1 bayesian 331.215
elapsed1 4.963643 2 10 5000 10 500   A2 bayesian 331.215
elapsed2 1.341862 2 10 5000 10 500   A3 bayesian 331.215
elapsed3 3.875430 2 10 5000 10 500 core bayesian 331.215
elapsed4 8.778736 2 10 5000 10 500   A1      NTD  21.539
elapsed5 9.415824 2 10 5000 10 500   A2      NTD  21.539
elapsed6 1.532339 2 10 5000 10 500   A3      NTD  21.539
elapsed7 2.041660 2 10 5000 10 500 core      NTD  21.539
[1] 4913  100   10   10 4913
[1] "Dim voc init: 4913"
  |                                                                              |                                                                      |   0%  |                                                                              |=======================                                               |  33%  |                                                                              |===============================================                       |  67%  |                                                                              |======================================================================| 100%
[1] "Start VH"
[1] "Start Step 4"
[1] "Start VH"
[1] "Start Step 4"
[1] "Start VH"
[1] "Start Step 4"
[1] "here"
[1] "here"
[1] "Done with method TopicScore-HOSVD"
             error K Q1    R Q2   M mode           method    time
elapsed   4.883485 2 10 5000 10 500   A1         bayesian 331.215
elapsed1  4.963643 2 10 5000 10 500   A2         bayesian 331.215
elapsed2  1.341862 2 10 5000 10 500   A3         bayesian 331.215
elapsed3  3.875430 2 10 5000 10 500 core         bayesian 331.215
elapsed4  8.778736 2 10 5000 10 500   A1              NTD  21.539
elapsed5  9.415824 2 10 5000 10 500   A2              NTD  21.539
elapsed6  1.532339 2 10 5000 10 500   A3              NTD  21.539
elapsed7  2.041660 2 10 5000 10 500 core              NTD  21.539
elapsed8  5.336302 2 10 5000 10 500   A1 TopicScore-HOSVD   0.588
elapsed9  5.762097 2 10 5000 10 500   A2 TopicScore-HOSVD   0.588
elapsed10 1.369230 2 10 5000 10 500   A3 TopicScore-HOSVD   0.588
elapsed11 3.147526 2 10 5000 10 500 core TopicScore-HOSVD   0.588
[1] 4913  100   10   10 4913
[1] "Dim voc init: 4913"
[1]   10   10 4913
[1] "Start VH"
[1] "Start Step 4"
[1] "Start VH"
[1] "Start Step 4"
[1] "Start VH"
[1] "Start Step 4"
[1] "here"
[1] "here"
[1] "Done with method TTM-HOOI"
             error K Q1    R Q2   M mode           method    time
elapsed   4.883485 2 10 5000 10 500   A1         bayesian 331.215
elapsed1  4.963643 2 10 5000 10 500   A2         bayesian 331.215
elapsed2  1.341862 2 10 5000 10 500   A3         bayesian 331.215
elapsed3  3.875430 2 10 5000 10 500 core         bayesian 331.215
elapsed4  8.778736 2 10 5000 10 500   A1              NTD  21.539
elapsed5  9.415824 2 10 5000 10 500   A2              NTD  21.539
elapsed6  1.532339 2 10 5000 10 500   A3              NTD  21.539
elapsed7  2.041660 2 10 5000 10 500 core              NTD  21.539
elapsed8  5.336302 2 10 5000 10 500   A1 TopicScore-HOSVD   0.588
elapsed9  5.762097 2 10 5000 10 500   A2 TopicScore-HOSVD   0.588
elapsed10 1.369230 2 10 5000 10 500   A3 TopicScore-HOSVD   0.588
elapsed11 3.147526 2 10 5000 10 500 core TopicScore-HOSVD   0.588
elapsed12 2.669287 2 10 5000 10 500   A1         TTM-HOOI   5.848
elapsed13 4.073648 2 10 5000 10 500   A2         TTM-HOOI   5.848
elapsed14 1.363589 2 10 5000 10 500   A3         TTM-HOOI   5.848
elapsed15 1.757991 2 10 5000 10 500 core         TTM-HOOI   5.848
[1] 4913  100   10   10 4913
[1] "Dim voc init: 4913"
[1]   10   10 4913
  |                                                                              |                                                                      |   0%  |                                                                              |=======================                                               |  33%  |                                                                              |===============================================                       |  67%  |                                                                              |======================================================================| 100%
[1] "Start VH"
[1] "Start Step 4"
[1] "Start VH"
[1] "Start Step 4"
[1] "Start VH"
[1] "Start Step 4"
[1] "here"
[1] "here"
[1] "Done with method TTM-HOSVD"
             error K Q1    R Q2   M mode           method    time
elapsed   4.883485 2 10 5000 10 500   A1         bayesian 331.215
elapsed1  4.963643 2 10 5000 10 500   A2         bayesian 331.215
elapsed2  1.341862 2 10 5000 10 500   A3         bayesian 331.215
elapsed3  3.875430 2 10 5000 10 500 core         bayesian 331.215
elapsed4  8.778736 2 10 5000 10 500   A1              NTD  21.539
elapsed5  9.415824 2 10 5000 10 500   A2              NTD  21.539
elapsed6  1.532339 2 10 5000 10 500   A3              NTD  21.539
elapsed7  2.041660 2 10 5000 10 500 core              NTD  21.539
elapsed8  5.336302 2 10 5000 10 500   A1 TopicScore-HOSVD   0.588
elapsed9  5.762097 2 10 5000 10 500   A2 TopicScore-HOSVD   0.588
elapsed10 1.369230 2 10 5000 10 500   A3 TopicScore-HOSVD   0.588
elapsed11 3.147526 2 10 5000 10 500 core TopicScore-HOSVD   0.588
elapsed12 2.669287 2 10 5000 10 500   A1         TTM-HOOI   5.848
elapsed13 4.073648 2 10 5000 10 500   A2         TTM-HOOI   5.848
elapsed14 1.363589 2 10 5000 10 500   A3         TTM-HOOI   5.848
elapsed15 1.757991 2 10 5000 10 500 core         TTM-HOOI   5.848
elapsed16 2.618026 2 10 5000 10 500   A1        TTM-HOSVD   0.465
elapsed17 4.993093 2 10 5000 10 500   A2        TTM-HOSVD   0.465
elapsed18 1.363589 2 10 5000 10 500   A3        TTM-HOSVD   0.465
elapsed19 1.757991 2 10 5000 10 500 core        TTM-HOSVD   0.465
[1] "R = 5000 Q1 = 10 Q2=10 K1 = 2 K2 = 2 K3= 2 M= 1000 seed = 21"
