My SLURM_ARRAY_TASK_ID:  12
My SLURM_ARRAY_JOB_ID:  23316935
name experiment is exp_K_10-5000-FALSE-23316935_12
[1] " result file; "
[1] "exp_K_10-5000-FALSE-23316935_12"
[1] 12
[1] "R = 5000 Q1 = 10 Q2=10 K1 = 2 K2 = 2 K3= 2 M= 500 seed = 12"
Chain 1: ------------------------------------------------------------
Chain 1: EXPERIMENTAL ALGORITHM:
Chain 1:   This procedure has not been thoroughly tested and may be unstable
Chain 1:   or buggy. The interface is subject to change.
Chain 1: ------------------------------------------------------------
Chain 1: 
Chain 1: 
Chain 1: 
Chain 1: Gradient evaluation took 0.119964 seconds
Chain 1: 1000 transitions using 10 leapfrog steps per transition would take 1199.64 seconds.
Chain 1: Adjust your expectations accordingly!
Chain 1: 
Chain 1: 
Chain 1: Begin eta adaptation.
Chain 1: Iteration:   1 / 250 [  0%]  (Adaptation)
Chain 1: Iteration:  50 / 250 [ 20%]  (Adaptation)
Chain 1: Iteration: 100 / 250 [ 40%]  (Adaptation)
Chain 1: Iteration: 150 / 250 [ 60%]  (Adaptation)
Chain 1: Iteration: 200 / 250 [ 80%]  (Adaptation)
Chain 1: Success! Found best value [eta = 1] earlier than expected.
Chain 1: 
Chain 1: Begin stochastic gradient ascent.
Chain 1:   iter             ELBO   delta_ELBO_mean   delta_ELBO_med   notes 
Chain 1:    100      -146302.534             1.000            1.000
Chain 1:    200      -145584.274             0.502            1.000
Chain 1:    300      -145492.300             0.335            0.005   MEDIAN ELBO CONVERGED
Chain 1: 
Chain 1: Drawing a sample of size 1000 from the approximate posterior... 
Chain 1: COMPLETED.
[1] "here"
[1] "here"
[1] "here"
[1] "Done with method bayesian"
            error K Q1    R Q2   M mode   method    time
elapsed  6.058598 2 10 5000 10 500   A1 bayesian 334.908
elapsed1 4.998967 2 10 5000 10 500   A2 bayesian 334.908
elapsed2 1.325892 2 10 5000 10 500   A3 bayesian 334.908
elapsed3 2.582187 2 10 5000 10 500 core bayesian 334.908
[1] "Done with method LDA"
            error K Q1    R Q2   M mode   method    time
elapsed  6.058598 2 10 5000 10 500   A1 bayesian 334.908
elapsed1 4.998967 2 10 5000 10 500   A2 bayesian 334.908
elapsed2 1.325892 2 10 5000 10 500   A3 bayesian 334.908
elapsed3 2.582187 2 10 5000 10 500 core bayesian 334.908
[1] "finish NTD"
[1] "here"
[1] "here"
[1] "Done with method NTD"
            error K Q1    R Q2   M mode   method    time
elapsed  6.058598 2 10 5000 10 500   A1 bayesian 334.908
elapsed1 4.998967 2 10 5000 10 500   A2 bayesian 334.908
elapsed2 1.325892 2 10 5000 10 500   A3 bayesian 334.908
elapsed3 2.582187 2 10 5000 10 500 core bayesian 334.908
elapsed4 8.673516 2 10 5000 10 500   A1      NTD  21.870
elapsed5 7.374766 2 10 5000 10 500   A2      NTD  21.870
elapsed6 1.680982 2 10 5000 10 500   A3      NTD  21.870
elapsed7 2.345354 2 10 5000 10 500 core      NTD  21.870
[1] 4936  100   10   10 4936
[1] "Dim voc init: 4936"
  |                                                                              |                                                                      |   0%  |                                                                              |=======================                                               |  33%  |                                                                              |===============================================                       |  67%  |                                                                              |======================================================================| 100%
[1] "Start VH"
[1] "Start Step 4"
[1] "Start VH"
[1] "Start Step 4"
[1] "Start VH"
[1] "Start Step 4"
[1] "here"
[1] "here"
[1] "Done with method TopicScore-HOSVD"
             error K Q1    R Q2   M mode           method    time
elapsed   6.058598 2 10 5000 10 500   A1         bayesian 334.908
elapsed1  4.998967 2 10 5000 10 500   A2         bayesian 334.908
elapsed2  1.325892 2 10 5000 10 500   A3         bayesian 334.908
elapsed3  2.582187 2 10 5000 10 500 core         bayesian 334.908
elapsed4  8.673516 2 10 5000 10 500   A1              NTD  21.870
elapsed5  7.374766 2 10 5000 10 500   A2              NTD  21.870
elapsed6  1.680982 2 10 5000 10 500   A3              NTD  21.870
elapsed7  2.345354 2 10 5000 10 500 core              NTD  21.870
elapsed8  3.272421 2 10 5000 10 500   A1 TopicScore-HOSVD   0.562
elapsed9  5.637446 2 10 5000 10 500   A2 TopicScore-HOSVD   0.562
elapsed10 1.374437 2 10 5000 10 500   A3 TopicScore-HOSVD   0.562
elapsed11 1.266234 2 10 5000 10 500 core TopicScore-HOSVD   0.562
[1] 4936  100   10   10 4936
[1] "Dim voc init: 4936"
[1]   10   10 4936
[1] "Start VH"
[1] "Start Step 4"
[1] "Start VH"
[1] "Start Step 4"
[1] "Start VH"
[1] "Start Step 4"
[1] "here"
[1] "here"
[1] "Done with method TTM-HOOI"
             error K Q1    R Q2   M mode           method    time
elapsed   6.058598 2 10 5000 10 500   A1         bayesian 334.908
elapsed1  4.998967 2 10 5000 10 500   A2         bayesian 334.908
elapsed2  1.325892 2 10 5000 10 500   A3         bayesian 334.908
elapsed3  2.582187 2 10 5000 10 500 core         bayesian 334.908
elapsed4  8.673516 2 10 5000 10 500   A1              NTD  21.870
elapsed5  7.374766 2 10 5000 10 500   A2              NTD  21.870
elapsed6  1.680982 2 10 5000 10 500   A3              NTD  21.870
elapsed7  2.345354 2 10 5000 10 500 core              NTD  21.870
elapsed8  3.272421 2 10 5000 10 500   A1 TopicScore-HOSVD   0.562
elapsed9  5.637446 2 10 5000 10 500   A2 TopicScore-HOSVD   0.562
elapsed10 1.374437 2 10 5000 10 500   A3 TopicScore-HOSVD   0.562
elapsed11 1.266234 2 10 5000 10 500 core TopicScore-HOSVD   0.562
elapsed12 2.708792 2 10 5000 10 500   A1         TTM-HOOI   3.304
elapsed13 5.335696 2 10 5000 10 500   A2         TTM-HOOI   3.304
elapsed14 1.382158 2 10 5000 10 500   A3         TTM-HOOI   3.304
elapsed15 2.542551 2 10 5000 10 500 core         TTM-HOOI   3.304
[1] 4936  100   10   10 4936
[1] "Dim voc init: 4936"
[1]   10   10 4936
  |                                                                              |                                                                      |   0%  |                                                                              |=======================                                               |  33%  |                                                                              |===============================================                       |  67%  |                                                                              |======================================================================| 100%
[1] "Start VH"
[1] "Start Step 4"
[1] "Start VH"
[1] "Start Step 4"
[1] "Start VH"
[1] "Start Step 4"
[1] "here"
[1] "here"
[1] "Done with method TTM-HOSVD"
             error K Q1    R Q2   M mode           method    time
elapsed   6.058598 2 10 5000 10 500   A1         bayesian 334.908
elapsed1  4.998967 2 10 5000 10 500   A2         bayesian 334.908
elapsed2  1.325892 2 10 5000 10 500   A3         bayesian 334.908
elapsed3  2.582187 2 10 5000 10 500 core         bayesian 334.908
elapsed4  8.673516 2 10 5000 10 500   A1              NTD  21.870
elapsed5  7.374766 2 10 5000 10 500   A2              NTD  21.870
elapsed6  1.680982 2 10 5000 10 500   A3              NTD  21.870
elapsed7  2.345354 2 10 5000 10 500 core              NTD  21.870
elapsed8  3.272421 2 10 5000 10 500   A1 TopicScore-HOSVD   0.562
elapsed9  5.637446 2 10 5000 10 500   A2 TopicScore-HOSVD   0.562
elapsed10 1.374437 2 10 5000 10 500   A3 TopicScore-HOSVD   0.562
elapsed11 1.266234 2 10 5000 10 500 core TopicScore-HOSVD   0.562
elapsed12 2.708792 2 10 5000 10 500   A1         TTM-HOOI   3.304
elapsed13 5.335696 2 10 5000 10 500   A2         TTM-HOOI   3.304
elapsed14 1.382158 2 10 5000 10 500   A3         TTM-HOOI   3.304
elapsed15 2.542551 2 10 5000 10 500 core         TTM-HOOI   3.304
elapsed16 2.779846 2 10 5000 10 500   A1        TTM-HOSVD   0.440
elapsed17 5.264672 2 10 5000 10 500   A2        TTM-HOSVD   0.440
elapsed18 1.382158 2 10 5000 10 500   A3        TTM-HOSVD   0.440
elapsed19 2.542551 2 10 5000 10 500 core        TTM-HOSVD   0.440
[1] "R = 5000 Q1 = 10 Q2=10 K1 = 2 K2 = 2 K3= 2 M= 1000 seed = 12"
