My SLURM_ARRAY_TASK_ID:  3
My SLURM_ARRAY_JOB_ID:  23316935
name experiment is exp_K_10-5000-FALSE-23316935_3
[1] " result file; "
[1] "exp_K_10-5000-FALSE-23316935_3"
[1] 3
[1] "R = 5000 Q1 = 10 Q2=10 K1 = 2 K2 = 2 K3= 2 M= 500 seed = 3"
Chain 1: ------------------------------------------------------------
Chain 1: EXPERIMENTAL ALGORITHM:
Chain 1:   This procedure has not been thoroughly tested and may be unstable
Chain 1:   or buggy. The interface is subject to change.
Chain 1: ------------------------------------------------------------
Chain 1: 
Chain 1: 
Chain 1: 
Chain 1: Gradient evaluation took 0.11756 seconds
Chain 1: 1000 transitions using 10 leapfrog steps per transition would take 1175.6 seconds.
Chain 1: Adjust your expectations accordingly!
Chain 1: 
Chain 1: 
Chain 1: Begin eta adaptation.
Chain 1: Iteration:   1 / 250 [  0%]  (Adaptation)
Chain 1: Iteration:  50 / 250 [ 20%]  (Adaptation)
Chain 1: Iteration: 100 / 250 [ 40%]  (Adaptation)
Chain 1: Iteration: 150 / 250 [ 60%]  (Adaptation)
Chain 1: Iteration: 200 / 250 [ 80%]  (Adaptation)
Chain 1: Success! Found best value [eta = 1] earlier than expected.
Chain 1: 
Chain 1: Begin stochastic gradient ascent.
Chain 1:   iter             ELBO   delta_ELBO_mean   delta_ELBO_med   notes 
Chain 1:    100      -145878.693             1.000            1.000
Chain 1:    200      -145360.863             0.502            1.000
Chain 1:    300      -145247.332             0.335            0.004   MEDIAN ELBO CONVERGED
Chain 1: 
Chain 1: Drawing a sample of size 1000 from the approximate posterior... 
Chain 1: COMPLETED.
[1] "here"
[1] "here"
[1] "here"
[1] "Done with method bayesian"
            error K Q1    R Q2   M mode   method    time
elapsed  6.297068 2 10 5000 10 500   A1 bayesian 339.199
elapsed1 4.343108 2 10 5000 10 500   A2 bayesian 339.199
elapsed2 1.339329 2 10 5000 10 500   A3 bayesian 339.199
elapsed3 3.161439 2 10 5000 10 500 core bayesian 339.199
[1] "Done with method LDA"
            error K Q1    R Q2   M mode   method    time
elapsed  6.297068 2 10 5000 10 500   A1 bayesian 339.199
elapsed1 4.343108 2 10 5000 10 500   A2 bayesian 339.199
elapsed2 1.339329 2 10 5000 10 500   A3 bayesian 339.199
elapsed3 3.161439 2 10 5000 10 500 core bayesian 339.199
[1] "finish NTD"
[1] "here"
[1] "here"
[1] "Done with method NTD"
            error K Q1    R Q2   M mode   method    time
elapsed  6.297068 2 10 5000 10 500   A1 bayesian 339.199
elapsed1 4.343108 2 10 5000 10 500   A2 bayesian 339.199
elapsed2 1.339329 2 10 5000 10 500   A3 bayesian 339.199
elapsed3 3.161439 2 10 5000 10 500 core bayesian 339.199
elapsed4 9.992403 2 10 5000 10 500   A1      NTD  22.034
elapsed5 7.180161 2 10 5000 10 500   A2      NTD  22.034
elapsed6 1.657725 2 10 5000 10 500   A3      NTD  22.034
elapsed7 1.571220 2 10 5000 10 500 core      NTD  22.034
[1] 4915  100   10   10 4915
[1] "Dim voc init: 4915"
  |                                                                              |                                                                      |   0%  |                                                                              |=======================                                               |  33%  |                                                                              |===============================================                       |  67%  |                                                                              |======================================================================| 100%
[1] "Start VH"
[1] "Start Step 4"
[1] "Start VH"
[1] "Start Step 4"
[1] "Start VH"
[1] "Start Step 4"
[1] "here"
[1] "here"
[1] "Done with method TopicScore-HOSVD"
             error K Q1    R Q2   M mode           method    time
elapsed   6.297068 2 10 5000 10 500   A1         bayesian 339.199
elapsed1  4.343108 2 10 5000 10 500   A2         bayesian 339.199
elapsed2  1.339329 2 10 5000 10 500   A3         bayesian 339.199
elapsed3  3.161439 2 10 5000 10 500 core         bayesian 339.199
elapsed4  9.992403 2 10 5000 10 500   A1              NTD  22.034
elapsed5  7.180161 2 10 5000 10 500   A2              NTD  22.034
elapsed6  1.657725 2 10 5000 10 500   A3              NTD  22.034
elapsed7  1.571220 2 10 5000 10 500 core              NTD  22.034
elapsed8  6.339595 2 10 5000 10 500   A1 TopicScore-HOSVD   0.555
elapsed9  8.166666 2 10 5000 10 500   A2 TopicScore-HOSVD   0.555
elapsed10 1.371571 2 10 5000 10 500   A3 TopicScore-HOSVD   0.555
elapsed11 2.825373 2 10 5000 10 500 core TopicScore-HOSVD   0.555
[1] 4915  100   10   10 4915
[1] "Dim voc init: 4915"
[1]   10   10 4915
[1] "Start VH"
[1] "Start Step 4"
[1] "Start VH"
[1] "Start Step 4"
[1] "Start VH"
[1] "Start Step 4"
[1] "here"
[1] "here"
[1] "Done with method TTM-HOOI"
             error K Q1    R Q2   M mode           method    time
elapsed   6.297068 2 10 5000 10 500   A1         bayesian 339.199
elapsed1  4.343108 2 10 5000 10 500   A2         bayesian 339.199
elapsed2  1.339329 2 10 5000 10 500   A3         bayesian 339.199
elapsed3  3.161439 2 10 5000 10 500 core         bayesian 339.199
elapsed4  9.992403 2 10 5000 10 500   A1              NTD  22.034
elapsed5  7.180161 2 10 5000 10 500   A2              NTD  22.034
elapsed6  1.657725 2 10 5000 10 500   A3              NTD  22.034
elapsed7  1.571220 2 10 5000 10 500 core              NTD  22.034
elapsed8  6.339595 2 10 5000 10 500   A1 TopicScore-HOSVD   0.555
elapsed9  8.166666 2 10 5000 10 500   A2 TopicScore-HOSVD   0.555
elapsed10 1.371571 2 10 5000 10 500   A3 TopicScore-HOSVD   0.555
elapsed11 2.825373 2 10 5000 10 500 core TopicScore-HOSVD   0.555
elapsed12 1.628652 2 10 5000 10 500   A1         TTM-HOOI   6.001
elapsed13 4.845451 2 10 5000 10 500   A2         TTM-HOOI   6.001
elapsed14 1.403707 2 10 5000 10 500   A3         TTM-HOOI   6.001
elapsed15 2.504188 2 10 5000 10 500 core         TTM-HOOI   6.001
[1] 4915  100   10   10 4915
[1] "Dim voc init: 4915"
[1]   10   10 4915
  |                                                                              |                                                                      |   0%  |                                                                              |=======================                                               |  33%  |                                                                              |===============================================                       |  67%  |                                                                              |======================================================================| 100%
[1] "Start VH"
[1] "Start Step 4"
[1] "Start VH"
[1] "Start Step 4"
[1] "Start VH"
[1] "Start Step 4"
[1] "here"
[1] "here"
[1] "Done with method TTM-HOSVD"
             error K Q1    R Q2   M mode           method    time
elapsed   6.297068 2 10 5000 10 500   A1         bayesian 339.199
elapsed1  4.343108 2 10 5000 10 500   A2         bayesian 339.199
elapsed2  1.339329 2 10 5000 10 500   A3         bayesian 339.199
elapsed3  3.161439 2 10 5000 10 500 core         bayesian 339.199
elapsed4  9.992403 2 10 5000 10 500   A1              NTD  22.034
elapsed5  7.180161 2 10 5000 10 500   A2              NTD  22.034
elapsed6  1.657725 2 10 5000 10 500   A3              NTD  22.034
elapsed7  1.571220 2 10 5000 10 500 core              NTD  22.034
elapsed8  6.339595 2 10 5000 10 500   A1 TopicScore-HOSVD   0.555
elapsed9  8.166666 2 10 5000 10 500   A2 TopicScore-HOSVD   0.555
elapsed10 1.371571 2 10 5000 10 500   A3 TopicScore-HOSVD   0.555
elapsed11 2.825373 2 10 5000 10 500 core TopicScore-HOSVD   0.555
elapsed12 1.628652 2 10 5000 10 500   A1         TTM-HOOI   6.001
elapsed13 4.845451 2 10 5000 10 500   A2         TTM-HOOI   6.001
elapsed14 1.403707 2 10 5000 10 500   A3         TTM-HOOI   6.001
elapsed15 2.504188 2 10 5000 10 500 core         TTM-HOOI   6.001
elapsed16 1.639657 2 10 5000 10 500   A1        TTM-HOSVD   0.435
elapsed17 4.861365 2 10 5000 10 500   A2        TTM-HOSVD   0.435
elapsed18 1.403707 2 10 5000 10 500   A3        TTM-HOSVD   0.435
elapsed19 2.404195 2 10 5000 10 500 core        TTM-HOSVD   0.435
[1] "R = 5000 Q1 = 10 Q2=10 K1 = 2 K2 = 2 K3= 2 M= 1000 seed = 3"
