My SLURM_ARRAY_TASK_ID:  2
My SLURM_ARRAY_JOB_ID:  23316935
name experiment is exp_K_10-5000-FALSE-23316935_2
[1] " result file; "
[1] "exp_K_10-5000-FALSE-23316935_2"
[1] 2
[1] "R = 5000 Q1 = 10 Q2=10 K1 = 2 K2 = 2 K3= 2 M= 500 seed = 2"
Chain 1: ------------------------------------------------------------
Chain 1: EXPERIMENTAL ALGORITHM:
Chain 1:   This procedure has not been thoroughly tested and may be unstable
Chain 1:   or buggy. The interface is subject to change.
Chain 1: ------------------------------------------------------------
Chain 1: 
Chain 1: 
Chain 1: 
Chain 1: Gradient evaluation took 0.119088 seconds
Chain 1: 1000 transitions using 10 leapfrog steps per transition would take 1190.88 seconds.
Chain 1: Adjust your expectations accordingly!
Chain 1: 
Chain 1: 
Chain 1: Begin eta adaptation.
Chain 1: Iteration:   1 / 250 [  0%]  (Adaptation)
Chain 1: Iteration:  50 / 250 [ 20%]  (Adaptation)
Chain 1: Iteration: 100 / 250 [ 40%]  (Adaptation)
Chain 1: Iteration: 150 / 250 [ 60%]  (Adaptation)
Chain 1: Iteration: 200 / 250 [ 80%]  (Adaptation)
Chain 1: Success! Found best value [eta = 1] earlier than expected.
Chain 1: 
Chain 1: Begin stochastic gradient ascent.
Chain 1:   iter             ELBO   delta_ELBO_mean   delta_ELBO_med   notes 
Chain 1:    100      -148789.904             1.000            1.000
Chain 1:    200      -146982.150             0.506            1.000
Chain 1:    300      -146691.607             0.338            0.012
Chain 1:    400      -146607.725             0.254            0.012
Chain 1:    500      -146587.991             0.203            0.002   MEDIAN ELBO CONVERGED
Chain 1: 
Chain 1: Drawing a sample of size 1000 from the approximate posterior... 
Chain 1: COMPLETED.
[1] "here"
[1] "here"
[1] "here"
[1] "Done with method bayesian"
            error K Q1    R Q2   M mode   method    time
elapsed  6.693296 2 10 5000 10 500   A1 bayesian 367.055
elapsed1 3.480540 2 10 5000 10 500   A2 bayesian 367.055
elapsed2 1.349355 2 10 5000 10 500   A3 bayesian 367.055
elapsed3 4.266906 2 10 5000 10 500 core bayesian 367.055
[1] "Done with method LDA"
            error K Q1    R Q2   M mode   method    time
elapsed  6.693296 2 10 5000 10 500   A1 bayesian 367.055
elapsed1 3.480540 2 10 5000 10 500   A2 bayesian 367.055
elapsed2 1.349355 2 10 5000 10 500   A3 bayesian 367.055
elapsed3 4.266906 2 10 5000 10 500 core bayesian 367.055
