/tmp/slurmd/job39461995/slurm_script: line 22: activate: No such file or directory

EnvironmentLocationNotFound: Not a conda environment: /scratch/midway2/yatingliu/yatingliu/.local/share/r-miniconda/envs/r-reticulate

/tmp/slurmd/job39461995/slurm_script: line 36: cd: /scratch/midway2/yatingliu/yatingliu/tensor-topic-modeling/: No such file or directory

Attaching package: ‘tensr’

The following objects are masked from ‘package:rTensor’:

    fnorm, hosvd

Loading required package: stats4
Loading required package: splines
── Attaching core tidyverse packages ──────────────────────── tidyverse 2.0.0 ──
✔ dplyr     1.1.2     ✔ readr     2.1.4
✔ forcats   1.0.0     ✔ stringr   1.5.0
✔ ggplot2   3.4.2     ✔ tibble    3.2.1
✔ lubridate 1.9.2     ✔ tidyr     1.3.0
✔ purrr     1.0.1     
── Conflicts ────────────────────────────────────────── tidyverse_conflicts() ──
✖ tidyr::expand() masks Matrix::expand()
✖ dplyr::filter() masks stats::filter()
✖ dplyr::lag()    masks stats::lag()
✖ tidyr::pack()   masks Matrix::pack()
✖ tidyr::unpack() masks Matrix::unpack()
ℹ Use the conflicted package (<http://conflicted.r-lib.org/>) to force all conflicts to become errors
Loading required package: NLP

Attaching package: ‘NLP’

The following object is masked from ‘package:ggplot2’:

    annotate

R.matlab v3.7.0 (2022-08-25 21:52:34 UTC) successfully loaded. See ?R.matlab for help.

Attaching package: ‘R.matlab’

The following objects are masked from ‘package:base’:

    getOption, isOpen

Warning message:
no DISPLAY variable so Tk is not available 

Attaching package: ‘combinat’

The following object is masked from ‘package:utils’:

    combn

